INFO [2020-08-09 10:33:43] $x
INFO [2020-08-09 10:33:43] list(YAquaticLeafLitter, NAquaticLeafLitter)
INFO [2020-08-09 10:33:43] 
INFO [2020-08-09 10:33:43] $category.names
INFO [2020-08-09 10:33:43] c("Forest", "Gap")
INFO [2020-08-09 10:33:43] 
INFO [2020-08-09 10:33:43] $filename
INFO [2020-08-09 10:33:43] [1] "AquaticLitterGapForest.png"
INFO [2020-08-09 10:33:43] 
INFO [2020-08-09 10:33:43] $output
INFO [2020-08-09 10:33:43] [1] TRUE
INFO [2020-08-09 10:33:43] 
INFO [2020-08-09 10:33:43] $fill
INFO [2020-08-09 10:33:43] GF_col_vec
INFO [2020-08-09 10:33:43] 
INFO [2020-08-09 10:33:43] $cat.cex
INFO [2020-08-09 10:33:43] [1] 1.5
INFO [2020-08-09 10:33:43] 
INFO [2020-08-09 10:33:43] $cex
INFO [2020-08-09 10:33:43] [1] 1.5
INFO [2020-08-09 10:33:43] 
INFO [2020-08-09 10:33:43] $scaled
INFO [2020-08-09 10:33:43] [1] FALSE
INFO [2020-08-09 10:33:43] 
