INFO [2021-11-01 10:35:51] $x
INFO [2021-11-01 10:35:51] list(USAquaticLeafLitter, GAquaticLeafLitter, DSAquaticLeafLitter)
INFO [2021-11-01 10:35:51] 
INFO [2021-11-01 10:35:51] $category.names
INFO [2021-11-01 10:35:51] c("Upstream", "Gap", "Downstream")
INFO [2021-11-01 10:35:51] 
INFO [2021-11-01 10:35:51] $filename
INFO [2021-11-01 10:35:51] [1] "AquaticLitterGL.png"
INFO [2021-11-01 10:35:51] 
INFO [2021-11-01 10:35:51] $output
INFO [2021-11-01 10:35:51] [1] TRUE
INFO [2021-11-01 10:35:51] 
INFO [2021-11-01 10:35:51] $fill
INFO [2021-11-01 10:35:51] Gap_location_col_vec
INFO [2021-11-01 10:35:51] 
INFO [2021-11-01 10:35:51] $cat.cex
INFO [2021-11-01 10:35:51] [1] 1.5
INFO [2021-11-01 10:35:51] 
INFO [2021-11-01 10:35:51] $cex
INFO [2021-11-01 10:35:51] [1] 1.5
INFO [2021-11-01 10:35:51] 
INFO [2021-11-01 10:35:51] $scaled
INFO [2021-11-01 10:35:51] [1] FALSE
INFO [2021-11-01 10:35:51] 
