INFO [2022-06-15 11:42:41] $x
INFO [2022-06-15 11:42:41] list(USAquaticLeafLitter, GAquaticLeafLitter, DSAquaticLeafLitter)
INFO [2022-06-15 11:42:41] 
INFO [2022-06-15 11:42:41] $category.names
INFO [2022-06-15 11:42:41] c("Upstream", "Gap", "Downstream")
INFO [2022-06-15 11:42:41] 
INFO [2022-06-15 11:42:41] $filename
INFO [2022-06-15 11:42:41] [1] "AquaticLitterGL.png"
INFO [2022-06-15 11:42:41] 
INFO [2022-06-15 11:42:41] $output
INFO [2022-06-15 11:42:41] [1] TRUE
INFO [2022-06-15 11:42:41] 
INFO [2022-06-15 11:42:41] $fill
INFO [2022-06-15 11:42:41] Gap_location_col_vec
INFO [2022-06-15 11:42:41] 
INFO [2022-06-15 11:42:41] $cat.cex
INFO [2022-06-15 11:42:41] [1] 1.5
INFO [2022-06-15 11:42:41] 
INFO [2022-06-15 11:42:41] $cex
INFO [2022-06-15 11:42:41] [1] 1.5
INFO [2022-06-15 11:42:41] 
INFO [2022-06-15 11:42:41] $scaled
INFO [2022-06-15 11:42:41] [1] FALSE
INFO [2022-06-15 11:42:41] 
