INFO [2022-06-16 10:12:23] $x
INFO [2022-06-16 10:12:23] list(USAquaticLeafLitter, GAquaticLeafLitter, DSAquaticLeafLitter)
INFO [2022-06-16 10:12:23] 
INFO [2022-06-16 10:12:23] $category.names
INFO [2022-06-16 10:12:23] c("Upstream", "Gap", "Downstream")
INFO [2022-06-16 10:12:23] 
INFO [2022-06-16 10:12:23] $filename
INFO [2022-06-16 10:12:23] [1] "AquaticLitterGL.png"
INFO [2022-06-16 10:12:23] 
INFO [2022-06-16 10:12:23] $output
INFO [2022-06-16 10:12:23] [1] TRUE
INFO [2022-06-16 10:12:23] 
INFO [2022-06-16 10:12:23] $fill
INFO [2022-06-16 10:12:23] Gap_location_col_vec
INFO [2022-06-16 10:12:23] 
INFO [2022-06-16 10:12:23] $cat.cex
INFO [2022-06-16 10:12:23] [1] 1.5
INFO [2022-06-16 10:12:23] 
INFO [2022-06-16 10:12:23] $cex
INFO [2022-06-16 10:12:23] [1] 1.5
INFO [2022-06-16 10:12:23] 
INFO [2022-06-16 10:12:23] $scaled
INFO [2022-06-16 10:12:23] [1] FALSE
INFO [2022-06-16 10:12:23] 
