INFO [2020-08-09 11:29:55] $x
INFO [2020-08-09 11:29:55] list(USAquaticLeafLitter, GAquaticLeafLitter, DSAquaticLeafLitter)
INFO [2020-08-09 11:29:55] 
INFO [2020-08-09 11:29:55] $category.names
INFO [2020-08-09 11:29:55] c("Upstream", "Gap", "Downstream")
INFO [2020-08-09 11:29:55] 
INFO [2020-08-09 11:29:55] $filename
INFO [2020-08-09 11:29:55] [1] "AquaticLitterGL.png"
INFO [2020-08-09 11:29:55] 
INFO [2020-08-09 11:29:55] $output
INFO [2020-08-09 11:29:55] [1] TRUE
INFO [2020-08-09 11:29:55] 
INFO [2020-08-09 11:29:55] $fill
INFO [2020-08-09 11:29:55] Gap_location_col_vec
INFO [2020-08-09 11:29:55] 
INFO [2020-08-09 11:29:55] $cat.cex
INFO [2020-08-09 11:29:55] [1] 1.5
INFO [2020-08-09 11:29:55] 
INFO [2020-08-09 11:29:55] $cex
INFO [2020-08-09 11:29:55] [1] 1.5
INFO [2020-08-09 11:29:55] 
INFO [2020-08-09 11:29:55] $scaled
INFO [2020-08-09 11:29:55] [1] FALSE
INFO [2020-08-09 11:29:55] 
