INFO [2020-08-09 11:29:52] $x
INFO [2020-08-09 11:29:52] list(YAquaticLeafLitter, NAquaticLeafLitter)
INFO [2020-08-09 11:29:52] 
INFO [2020-08-09 11:29:52] $category.names
INFO [2020-08-09 11:29:52] c("Forest", "Gap")
INFO [2020-08-09 11:29:52] 
INFO [2020-08-09 11:29:52] $filename
INFO [2020-08-09 11:29:52] [1] "AquaticLitterGapForest.png"
INFO [2020-08-09 11:29:52] 
INFO [2020-08-09 11:29:52] $output
INFO [2020-08-09 11:29:52] [1] TRUE
INFO [2020-08-09 11:29:52] 
INFO [2020-08-09 11:29:52] $fill
INFO [2020-08-09 11:29:52] GF_col_vec
INFO [2020-08-09 11:29:52] 
INFO [2020-08-09 11:29:52] $cat.cex
INFO [2020-08-09 11:29:52] [1] 1.5
INFO [2020-08-09 11:29:52] 
INFO [2020-08-09 11:29:52] $cex
INFO [2020-08-09 11:29:52] [1] 1.5
INFO [2020-08-09 11:29:52] 
INFO [2020-08-09 11:29:52] $scaled
INFO [2020-08-09 11:29:52] [1] FALSE
INFO [2020-08-09 11:29:52] 
