INFO [2020-08-09 10:33:45] $x
INFO [2020-08-09 10:33:45] list(USAquaticLeafLitter, GAquaticLeafLitter, DSAquaticLeafLitter)
INFO [2020-08-09 10:33:45] 
INFO [2020-08-09 10:33:45] $category.names
INFO [2020-08-09 10:33:45] c("Upstream", "Gap", "Downstream")
INFO [2020-08-09 10:33:45] 
INFO [2020-08-09 10:33:45] $filename
INFO [2020-08-09 10:33:45] [1] "AquaticLitterGL.png"
INFO [2020-08-09 10:33:45] 
INFO [2020-08-09 10:33:45] $output
INFO [2020-08-09 10:33:45] [1] TRUE
INFO [2020-08-09 10:33:45] 
INFO [2020-08-09 10:33:45] $fill
INFO [2020-08-09 10:33:45] Gap_location_col_vec
INFO [2020-08-09 10:33:45] 
INFO [2020-08-09 10:33:45] $cat.cex
INFO [2020-08-09 10:33:45] [1] 1.5
INFO [2020-08-09 10:33:45] 
INFO [2020-08-09 10:33:45] $cex
INFO [2020-08-09 10:33:45] [1] 1.5
INFO [2020-08-09 10:33:45] 
INFO [2020-08-09 10:33:45] $scaled
INFO [2020-08-09 10:33:45] [1] FALSE
INFO [2020-08-09 10:33:45] 
