INFO [2022-06-07 14:15:13] $x
INFO [2022-06-07 14:15:13] list(USAquaticLeafLitter, GAquaticLeafLitter, DSAquaticLeafLitter)
INFO [2022-06-07 14:15:13] 
INFO [2022-06-07 14:15:13] $category.names
INFO [2022-06-07 14:15:13] c("Upstream", "Gap", "Downstream")
INFO [2022-06-07 14:15:13] 
INFO [2022-06-07 14:15:13] $filename
INFO [2022-06-07 14:15:13] [1] "AquaticLitterGL.png"
INFO [2022-06-07 14:15:13] 
INFO [2022-06-07 14:15:13] $output
INFO [2022-06-07 14:15:13] [1] TRUE
INFO [2022-06-07 14:15:13] 
INFO [2022-06-07 14:15:13] $fill
INFO [2022-06-07 14:15:13] Gap_location_col_vec
INFO [2022-06-07 14:15:13] 
INFO [2022-06-07 14:15:13] $cat.cex
INFO [2022-06-07 14:15:13] [1] 1.5
INFO [2022-06-07 14:15:13] 
INFO [2022-06-07 14:15:13] $cex
INFO [2022-06-07 14:15:13] [1] 1.5
INFO [2022-06-07 14:15:13] 
INFO [2022-06-07 14:15:13] $scaled
INFO [2022-06-07 14:15:13] [1] FALSE
INFO [2022-06-07 14:15:13] 
