INFO [2020-08-10 07:27:10] $x
INFO [2020-08-10 07:27:10] list(USAquaticLeafLitter, GAquaticLeafLitter, DSAquaticLeafLitter)
INFO [2020-08-10 07:27:10] 
INFO [2020-08-10 07:27:10] $category.names
INFO [2020-08-10 07:27:10] c("Upstream", "Gap", "Downstream")
INFO [2020-08-10 07:27:10] 
INFO [2020-08-10 07:27:10] $filename
INFO [2020-08-10 07:27:10] [1] "AquaticLitterGL.png"
INFO [2020-08-10 07:27:10] 
INFO [2020-08-10 07:27:10] $output
INFO [2020-08-10 07:27:10] [1] TRUE
INFO [2020-08-10 07:27:10] 
INFO [2020-08-10 07:27:10] $fill
INFO [2020-08-10 07:27:10] Gap_location_col_vec
INFO [2020-08-10 07:27:10] 
INFO [2020-08-10 07:27:10] $cat.cex
INFO [2020-08-10 07:27:10] [1] 1.5
INFO [2020-08-10 07:27:10] 
INFO [2020-08-10 07:27:10] $cex
INFO [2020-08-10 07:27:10] [1] 1.5
INFO [2020-08-10 07:27:10] 
INFO [2020-08-10 07:27:10] $scaled
INFO [2020-08-10 07:27:10] [1] FALSE
INFO [2020-08-10 07:27:10] 
