INFO [2022-06-16 10:12:16] $x
INFO [2022-06-16 10:12:16] list(YAquaticLeafLitter, NAquaticLeafLitter)
INFO [2022-06-16 10:12:16] 
INFO [2022-06-16 10:12:16] $category.names
INFO [2022-06-16 10:12:16] c("Gap", "Forest")
INFO [2022-06-16 10:12:16] 
INFO [2022-06-16 10:12:16] $filename
INFO [2022-06-16 10:12:16] [1] "AquaticLitterGapForest.png"
INFO [2022-06-16 10:12:16] 
INFO [2022-06-16 10:12:16] $output
INFO [2022-06-16 10:12:16] [1] TRUE
INFO [2022-06-16 10:12:16] 
INFO [2022-06-16 10:12:16] $fill
INFO [2022-06-16 10:12:16] GF_col_vec
INFO [2022-06-16 10:12:16] 
INFO [2022-06-16 10:12:16] $cat.cex
INFO [2022-06-16 10:12:16] [1] 1.5
INFO [2022-06-16 10:12:16] 
INFO [2022-06-16 10:12:16] $cex
INFO [2022-06-16 10:12:16] [1] 1.5
INFO [2022-06-16 10:12:16] 
INFO [2022-06-16 10:12:16] $scaled
INFO [2022-06-16 10:12:16] [1] FALSE
INFO [2022-06-16 10:12:16] 
