INFO [2022-06-13 15:48:17] $x
INFO [2022-06-13 15:48:17] list(USAquaticLeafLitter, GAquaticLeafLitter, DSAquaticLeafLitter)
INFO [2022-06-13 15:48:17] 
INFO [2022-06-13 15:48:17] $category.names
INFO [2022-06-13 15:48:17] c("Upstream", "Gap", "Downstream")
INFO [2022-06-13 15:48:17] 
INFO [2022-06-13 15:48:17] $filename
INFO [2022-06-13 15:48:17] [1] "AquaticLitterGL.png"
INFO [2022-06-13 15:48:17] 
INFO [2022-06-13 15:48:17] $output
INFO [2022-06-13 15:48:17] [1] TRUE
INFO [2022-06-13 15:48:17] 
INFO [2022-06-13 15:48:17] $fill
INFO [2022-06-13 15:48:17] Gap_location_col_vec
INFO [2022-06-13 15:48:17] 
INFO [2022-06-13 15:48:17] $cat.cex
INFO [2022-06-13 15:48:17] [1] 1.5
INFO [2022-06-13 15:48:17] 
INFO [2022-06-13 15:48:17] $cex
INFO [2022-06-13 15:48:17] [1] 1.5
INFO [2022-06-13 15:48:17] 
INFO [2022-06-13 15:48:17] $scaled
INFO [2022-06-13 15:48:17] [1] FALSE
INFO [2022-06-13 15:48:17] 
