INFO [2022-06-15 14:28:39] $x
INFO [2022-06-15 14:28:39] list(USAquaticLeafLitter, GAquaticLeafLitter, DSAquaticLeafLitter)
INFO [2022-06-15 14:28:39] 
INFO [2022-06-15 14:28:39] $category.names
INFO [2022-06-15 14:28:39] c("Upstream", "Gap", "Downstream")
INFO [2022-06-15 14:28:39] 
INFO [2022-06-15 14:28:39] $filename
INFO [2022-06-15 14:28:39] [1] "AquaticLitterGL.png"
INFO [2022-06-15 14:28:39] 
INFO [2022-06-15 14:28:39] $output
INFO [2022-06-15 14:28:39] [1] TRUE
INFO [2022-06-15 14:28:39] 
INFO [2022-06-15 14:28:39] $fill
INFO [2022-06-15 14:28:39] Gap_location_col_vec
INFO [2022-06-15 14:28:39] 
INFO [2022-06-15 14:28:39] $cat.cex
INFO [2022-06-15 14:28:39] [1] 1.5
INFO [2022-06-15 14:28:39] 
INFO [2022-06-15 14:28:39] $cex
INFO [2022-06-15 14:28:39] [1] 1.5
INFO [2022-06-15 14:28:39] 
INFO [2022-06-15 14:28:39] $scaled
INFO [2022-06-15 14:28:39] [1] FALSE
INFO [2022-06-15 14:28:39] 
