INFO [2022-06-15 11:42:35] $x
INFO [2022-06-15 11:42:35] list(YAquaticLeafLitter, NAquaticLeafLitter)
INFO [2022-06-15 11:42:35] 
INFO [2022-06-15 11:42:35] $category.names
INFO [2022-06-15 11:42:35] c("Gap", "Forest")
INFO [2022-06-15 11:42:35] 
INFO [2022-06-15 11:42:35] $filename
INFO [2022-06-15 11:42:35] [1] "AquaticLitterGapForest.png"
INFO [2022-06-15 11:42:35] 
INFO [2022-06-15 11:42:35] $output
INFO [2022-06-15 11:42:35] [1] TRUE
INFO [2022-06-15 11:42:35] 
INFO [2022-06-15 11:42:35] $fill
INFO [2022-06-15 11:42:35] GF_col_vec
INFO [2022-06-15 11:42:35] 
INFO [2022-06-15 11:42:35] $cat.cex
INFO [2022-06-15 11:42:35] [1] 1.5
INFO [2022-06-15 11:42:35] 
INFO [2022-06-15 11:42:35] $cex
INFO [2022-06-15 11:42:35] [1] 1.5
INFO [2022-06-15 11:42:35] 
INFO [2022-06-15 11:42:35] $scaled
INFO [2022-06-15 11:42:35] [1] FALSE
INFO [2022-06-15 11:42:35] 
