INFO [2022-06-14 16:01:25] $x
INFO [2022-06-14 16:01:25] list(YAquaticLeafLitter, NAquaticLeafLitter)
INFO [2022-06-14 16:01:25] 
INFO [2022-06-14 16:01:25] $category.names
INFO [2022-06-14 16:01:25] c("Gap", "Forest")
INFO [2022-06-14 16:01:25] 
INFO [2022-06-14 16:01:25] $filename
INFO [2022-06-14 16:01:25] [1] "AquaticLitterGapForest.png"
INFO [2022-06-14 16:01:25] 
INFO [2022-06-14 16:01:25] $output
INFO [2022-06-14 16:01:25] [1] TRUE
INFO [2022-06-14 16:01:25] 
INFO [2022-06-14 16:01:25] $fill
INFO [2022-06-14 16:01:25] GF_col_vec
INFO [2022-06-14 16:01:25] 
INFO [2022-06-14 16:01:25] $cat.cex
INFO [2022-06-14 16:01:25] [1] 1.5
INFO [2022-06-14 16:01:25] 
INFO [2022-06-14 16:01:25] $cex
INFO [2022-06-14 16:01:25] [1] 1.5
INFO [2022-06-14 16:01:25] 
INFO [2022-06-14 16:01:25] $scaled
INFO [2022-06-14 16:01:25] [1] FALSE
INFO [2022-06-14 16:01:25] 
