INFO [2022-06-14 16:01:28] $x
INFO [2022-06-14 16:01:28] list(USAquaticLeafLitter, GAquaticLeafLitter, DSAquaticLeafLitter)
INFO [2022-06-14 16:01:28] 
INFO [2022-06-14 16:01:28] $category.names
INFO [2022-06-14 16:01:28] c("Upstream", "Gap", "Downstream")
INFO [2022-06-14 16:01:28] 
INFO [2022-06-14 16:01:28] $filename
INFO [2022-06-14 16:01:28] [1] "AquaticLitterGL.png"
INFO [2022-06-14 16:01:28] 
INFO [2022-06-14 16:01:28] $output
INFO [2022-06-14 16:01:28] [1] TRUE
INFO [2022-06-14 16:01:28] 
INFO [2022-06-14 16:01:28] $fill
INFO [2022-06-14 16:01:28] Gap_location_col_vec
INFO [2022-06-14 16:01:28] 
INFO [2022-06-14 16:01:28] $cat.cex
INFO [2022-06-14 16:01:28] [1] 1.5
INFO [2022-06-14 16:01:28] 
INFO [2022-06-14 16:01:28] $cex
INFO [2022-06-14 16:01:28] [1] 1.5
INFO [2022-06-14 16:01:28] 
INFO [2022-06-14 16:01:28] $scaled
INFO [2022-06-14 16:01:28] [1] FALSE
INFO [2022-06-14 16:01:28] 
