INFO [2021-05-20 14:44:26] $x
INFO [2021-05-20 14:44:26] list(USAquaticLeafLitter, GAquaticLeafLitter, DSAquaticLeafLitter)
INFO [2021-05-20 14:44:26] 
INFO [2021-05-20 14:44:26] $category.names
INFO [2021-05-20 14:44:26] c("Upstream", "Gap", "Downstream")
INFO [2021-05-20 14:44:26] 
INFO [2021-05-20 14:44:26] $filename
INFO [2021-05-20 14:44:26] [1] "AquaticLitterGL.png"
INFO [2021-05-20 14:44:26] 
INFO [2021-05-20 14:44:26] $output
INFO [2021-05-20 14:44:26] [1] TRUE
INFO [2021-05-20 14:44:26] 
INFO [2021-05-20 14:44:26] $fill
INFO [2021-05-20 14:44:26] Gap_location_col_vec
INFO [2021-05-20 14:44:26] 
INFO [2021-05-20 14:44:26] $cat.cex
INFO [2021-05-20 14:44:26] [1] 1.5
INFO [2021-05-20 14:44:26] 
INFO [2021-05-20 14:44:26] $cex
INFO [2021-05-20 14:44:26] [1] 1.5
INFO [2021-05-20 14:44:26] 
INFO [2021-05-20 14:44:26] $scaled
INFO [2021-05-20 14:44:26] [1] FALSE
INFO [2021-05-20 14:44:26] 
