INFO [2022-06-07 14:15:10] $x
INFO [2022-06-07 14:15:10] list(YAquaticLeafLitter, NAquaticLeafLitter)
INFO [2022-06-07 14:15:10] 
INFO [2022-06-07 14:15:10] $category.names
INFO [2022-06-07 14:15:10] c("Gap", "Forest")
INFO [2022-06-07 14:15:10] 
INFO [2022-06-07 14:15:10] $filename
INFO [2022-06-07 14:15:10] [1] "AquaticLitterGapForest.png"
INFO [2022-06-07 14:15:10] 
INFO [2022-06-07 14:15:10] $output
INFO [2022-06-07 14:15:10] [1] TRUE
INFO [2022-06-07 14:15:10] 
INFO [2022-06-07 14:15:10] $fill
INFO [2022-06-07 14:15:10] GF_col_vec
INFO [2022-06-07 14:15:10] 
INFO [2022-06-07 14:15:10] $cat.cex
INFO [2022-06-07 14:15:10] [1] 1.5
INFO [2022-06-07 14:15:10] 
INFO [2022-06-07 14:15:10] $cex
INFO [2022-06-07 14:15:10] [1] 1.5
INFO [2022-06-07 14:15:10] 
INFO [2022-06-07 14:15:10] $scaled
INFO [2022-06-07 14:15:10] [1] FALSE
INFO [2022-06-07 14:15:10] 
