INFO [2022-06-14 16:06:08] $x
INFO [2022-06-14 16:06:08] list(CY, CN)
INFO [2022-06-14 16:06:08] 
INFO [2022-06-14 16:06:08] $category.names
INFO [2022-06-14 16:06:08] c("Gap", "Forest")
INFO [2022-06-14 16:06:08] 
INFO [2022-06-14 16:06:08] $filename
INFO [2022-06-14 16:06:08] [1] "ClintonGapForest.png"
INFO [2022-06-14 16:06:08] 
INFO [2022-06-14 16:06:08] $output
INFO [2022-06-14 16:06:08] [1] TRUE
INFO [2022-06-14 16:06:08] 
INFO [2022-06-14 16:06:08] $fill
INFO [2022-06-14 16:06:08] GF_col_vec
INFO [2022-06-14 16:06:08] 
INFO [2022-06-14 16:06:08] $cat.cex
INFO [2022-06-14 16:06:08] [1] 1.5
INFO [2022-06-14 16:06:08] 
INFO [2022-06-14 16:06:08] $cex
INFO [2022-06-14 16:06:08] [1] 1.5
INFO [2022-06-14 16:06:08] 
INFO [2022-06-14 16:06:08] $scaled
INFO [2022-06-14 16:06:08] [1] FALSE
INFO [2022-06-14 16:06:08] 
