INFO [2021-11-01 10:40:29] $x
INFO [2021-11-01 10:40:29] list(CY, CN)
INFO [2021-11-01 10:40:29] 
INFO [2021-11-01 10:40:29] $category.names
INFO [2021-11-01 10:40:29] c("Gap", "Forest")
INFO [2021-11-01 10:40:29] 
INFO [2021-11-01 10:40:29] $filename
INFO [2021-11-01 10:40:29] [1] "ClintonGapForest.png"
INFO [2021-11-01 10:40:29] 
INFO [2021-11-01 10:40:29] $output
INFO [2021-11-01 10:40:29] [1] TRUE
INFO [2021-11-01 10:40:29] 
INFO [2021-11-01 10:40:29] $fill
INFO [2021-11-01 10:40:29] GF_col_vec
INFO [2021-11-01 10:40:29] 
INFO [2021-11-01 10:40:29] $cat.cex
INFO [2021-11-01 10:40:29] [1] 1.5
INFO [2021-11-01 10:40:29] 
INFO [2021-11-01 10:40:29] $cex
INFO [2021-11-01 10:40:29] [1] 1.5
INFO [2021-11-01 10:40:29] 
INFO [2021-11-01 10:40:29] $scaled
INFO [2021-11-01 10:40:29] [1] FALSE
INFO [2021-11-01 10:40:29] 
