INFO [2022-06-15 14:34:25] $x
INFO [2022-06-15 14:34:25] list(GY, GN)
INFO [2022-06-15 14:34:25] 
INFO [2022-06-15 14:34:25] $category.names
INFO [2022-06-15 14:34:25] c("Gap", "Forest")
INFO [2022-06-15 14:34:25] 
INFO [2022-06-15 14:34:25] $filename
INFO [2022-06-15 14:34:25] [1] "GrandGapForest.png"
INFO [2022-06-15 14:34:25] 
INFO [2022-06-15 14:34:25] $output
INFO [2022-06-15 14:34:25] [1] TRUE
INFO [2022-06-15 14:34:25] 
INFO [2022-06-15 14:34:25] $fill
INFO [2022-06-15 14:34:25] GF_col_vec
INFO [2022-06-15 14:34:25] 
INFO [2022-06-15 14:34:25] $cat.cex
INFO [2022-06-15 14:34:25] [1] 1.5
INFO [2022-06-15 14:34:25] 
INFO [2022-06-15 14:34:25] $cex
INFO [2022-06-15 14:34:25] [1] 1.5
INFO [2022-06-15 14:34:25] 
INFO [2022-06-15 14:34:25] $scaled
INFO [2022-06-15 14:34:25] [1] FALSE
INFO [2022-06-15 14:34:25] 
ERROR [2022-06-15 14:34:25] NAs in dataset
