INFO [2022-06-16 10:16:33] $x
INFO [2022-06-16 10:16:33] list(GY, GN)
INFO [2022-06-16 10:16:33] 
INFO [2022-06-16 10:16:33] $category.names
INFO [2022-06-16 10:16:33] c("Gap", "Forest")
INFO [2022-06-16 10:16:33] 
INFO [2022-06-16 10:16:33] $filename
INFO [2022-06-16 10:16:33] [1] "GrandGapForest.png"
INFO [2022-06-16 10:16:33] 
INFO [2022-06-16 10:16:33] $output
INFO [2022-06-16 10:16:33] [1] TRUE
INFO [2022-06-16 10:16:33] 
INFO [2022-06-16 10:16:33] $fill
INFO [2022-06-16 10:16:33] GF_col_vec
INFO [2022-06-16 10:16:33] 
INFO [2022-06-16 10:16:33] $cat.cex
INFO [2022-06-16 10:16:33] [1] 1.5
INFO [2022-06-16 10:16:33] 
INFO [2022-06-16 10:16:33] $cex
INFO [2022-06-16 10:16:33] [1] 1.5
INFO [2022-06-16 10:16:33] 
INFO [2022-06-16 10:16:33] $scaled
INFO [2022-06-16 10:16:33] [1] FALSE
INFO [2022-06-16 10:16:33] 
ERROR [2022-06-16 10:16:33] NAs in dataset
