INFO [2022-06-13 15:51:57] $x
INFO [2022-06-13 15:51:57] list(GY, GN)
INFO [2022-06-13 15:51:57] 
INFO [2022-06-13 15:51:57] $category.names
INFO [2022-06-13 15:51:57] c("Gap", "Forest")
INFO [2022-06-13 15:51:57] 
INFO [2022-06-13 15:51:57] $filename
INFO [2022-06-13 15:51:57] [1] "GrandGapForest.png"
INFO [2022-06-13 15:51:57] 
INFO [2022-06-13 15:51:57] $output
INFO [2022-06-13 15:51:57] [1] TRUE
INFO [2022-06-13 15:51:57] 
INFO [2022-06-13 15:51:57] $fill
INFO [2022-06-13 15:51:57] GF_col_vec
INFO [2022-06-13 15:51:57] 
INFO [2022-06-13 15:51:57] $cat.cex
INFO [2022-06-13 15:51:57] [1] 1.5
INFO [2022-06-13 15:51:57] 
INFO [2022-06-13 15:51:57] $cex
INFO [2022-06-13 15:51:57] [1] 1.5
INFO [2022-06-13 15:51:57] 
INFO [2022-06-13 15:51:57] $scaled
INFO [2022-06-13 15:51:57] [1] FALSE
INFO [2022-06-13 15:51:57] 
