INFO [2021-05-20 14:49:49] $x
INFO [2021-05-20 14:49:49] list(KY, KN)
INFO [2021-05-20 14:49:49] 
INFO [2021-05-20 14:49:49] $category.names
INFO [2021-05-20 14:49:49] c("Gap", "Forest")
INFO [2021-05-20 14:49:49] 
INFO [2021-05-20 14:49:49] $filename
INFO [2021-05-20 14:49:49] [1] "KalamazooGapForest.png"
INFO [2021-05-20 14:49:49] 
INFO [2021-05-20 14:49:49] $output
INFO [2021-05-20 14:49:49] [1] TRUE
INFO [2021-05-20 14:49:49] 
INFO [2021-05-20 14:49:49] $fill
INFO [2021-05-20 14:49:49] GF_col_vec
INFO [2021-05-20 14:49:49] 
INFO [2021-05-20 14:49:49] $cat.cex
INFO [2021-05-20 14:49:49] [1] 1.5
INFO [2021-05-20 14:49:49] 
INFO [2021-05-20 14:49:49] $cex
INFO [2021-05-20 14:49:49] [1] 1.5
INFO [2021-05-20 14:49:49] 
INFO [2021-05-20 14:49:49] $scaled
INFO [2021-05-20 14:49:49] [1] FALSE
INFO [2021-05-20 14:49:49] 
