INFO [2022-06-14 16:06:09] $x
INFO [2022-06-14 16:06:09] list(KY, KN)
INFO [2022-06-14 16:06:09] 
INFO [2022-06-14 16:06:09] $category.names
INFO [2022-06-14 16:06:09] c("Gap", "Forest")
INFO [2022-06-14 16:06:09] 
INFO [2022-06-14 16:06:09] $filename
INFO [2022-06-14 16:06:09] [1] "KalamazooGapForest.png"
INFO [2022-06-14 16:06:09] 
INFO [2022-06-14 16:06:09] $output
INFO [2022-06-14 16:06:09] [1] TRUE
INFO [2022-06-14 16:06:09] 
INFO [2022-06-14 16:06:09] $fill
INFO [2022-06-14 16:06:09] GF_col_vec
INFO [2022-06-14 16:06:09] 
INFO [2022-06-14 16:06:09] $cat.cex
INFO [2022-06-14 16:06:09] [1] 1.5
INFO [2022-06-14 16:06:09] 
INFO [2022-06-14 16:06:09] $cex
INFO [2022-06-14 16:06:09] [1] 1.5
INFO [2022-06-14 16:06:09] 
INFO [2022-06-14 16:06:09] $scaled
INFO [2022-06-14 16:06:09] [1] FALSE
INFO [2022-06-14 16:06:09] 
