INFO [2022-06-13 15:51:58] $x
INFO [2022-06-13 15:51:58] list(KY, KN)
INFO [2022-06-13 15:51:58] 
INFO [2022-06-13 15:51:58] $category.names
INFO [2022-06-13 15:51:58] c("Gap", "Forest")
INFO [2022-06-13 15:51:58] 
INFO [2022-06-13 15:51:58] $filename
INFO [2022-06-13 15:51:58] [1] "KalamazooGapForest.png"
INFO [2022-06-13 15:51:58] 
INFO [2022-06-13 15:51:58] $output
INFO [2022-06-13 15:51:58] [1] TRUE
INFO [2022-06-13 15:51:58] 
INFO [2022-06-13 15:51:58] $fill
INFO [2022-06-13 15:51:58] GF_col_vec
INFO [2022-06-13 15:51:58] 
INFO [2022-06-13 15:51:58] $cat.cex
INFO [2022-06-13 15:51:58] [1] 1.5
INFO [2022-06-13 15:51:58] 
INFO [2022-06-13 15:51:58] $cex
INFO [2022-06-13 15:51:58] [1] 1.5
INFO [2022-06-13 15:51:58] 
INFO [2022-06-13 15:51:58] $scaled
INFO [2022-06-13 15:51:58] [1] FALSE
INFO [2022-06-13 15:51:58] 
