INFO [2021-11-01 10:40:30] $x
INFO [2021-11-01 10:40:30] list(KY, KN)
INFO [2021-11-01 10:40:30] 
INFO [2021-11-01 10:40:30] $category.names
INFO [2021-11-01 10:40:30] c("Gap", "Forest")
INFO [2021-11-01 10:40:30] 
INFO [2021-11-01 10:40:30] $filename
INFO [2021-11-01 10:40:30] [1] "KalamazooGapForest.png"
INFO [2021-11-01 10:40:30] 
INFO [2021-11-01 10:40:30] $output
INFO [2021-11-01 10:40:30] [1] TRUE
INFO [2021-11-01 10:40:30] 
INFO [2021-11-01 10:40:30] $fill
INFO [2021-11-01 10:40:30] GF_col_vec
INFO [2021-11-01 10:40:30] 
INFO [2021-11-01 10:40:30] $cat.cex
INFO [2021-11-01 10:40:30] [1] 1.5
INFO [2021-11-01 10:40:30] 
INFO [2021-11-01 10:40:30] $cex
INFO [2021-11-01 10:40:30] [1] 1.5
INFO [2021-11-01 10:40:30] 
INFO [2021-11-01 10:40:30] $scaled
INFO [2021-11-01 10:40:30] [1] FALSE
INFO [2021-11-01 10:40:30] 
