INFO [2022-06-15 11:47:51] $x
INFO [2022-06-15 11:47:51] list(KY, KN)
INFO [2022-06-15 11:47:51] 
INFO [2022-06-15 11:47:51] $category.names
INFO [2022-06-15 11:47:51] c("Gap", "Forest")
INFO [2022-06-15 11:47:51] 
INFO [2022-06-15 11:47:51] $filename
INFO [2022-06-15 11:47:51] [1] "KalamazooGapForest.png"
INFO [2022-06-15 11:47:51] 
INFO [2022-06-15 11:47:51] $output
INFO [2022-06-15 11:47:51] [1] TRUE
INFO [2022-06-15 11:47:51] 
INFO [2022-06-15 11:47:51] $fill
INFO [2022-06-15 11:47:51] GF_col_vec
INFO [2022-06-15 11:47:51] 
INFO [2022-06-15 11:47:51] $cat.cex
INFO [2022-06-15 11:47:51] [1] 1.5
INFO [2022-06-15 11:47:51] 
INFO [2022-06-15 11:47:51] $cex
INFO [2022-06-15 11:47:51] [1] 1.5
INFO [2022-06-15 11:47:51] 
INFO [2022-06-15 11:47:51] $scaled
INFO [2022-06-15 11:47:51] [1] FALSE
INFO [2022-06-15 11:47:51] 
ERROR [2022-06-15 11:47:51] NAs in dataset
