INFO [2022-06-07 14:15:07] $x
INFO [2022-06-07 14:15:07] list(YLiveLeaves, NLiveLeaves)
INFO [2022-06-07 14:15:07] 
INFO [2022-06-07 14:15:07] $category.names
INFO [2022-06-07 14:15:07] c("Gap", "Forest")
INFO [2022-06-07 14:15:07] 
INFO [2022-06-07 14:15:07] $filename
INFO [2022-06-07 14:15:07] [1] "LiveLivesGapForest.png"
INFO [2022-06-07 14:15:07] 
INFO [2022-06-07 14:15:07] $output
INFO [2022-06-07 14:15:07] [1] TRUE
INFO [2022-06-07 14:15:07] 
INFO [2022-06-07 14:15:07] $fill
INFO [2022-06-07 14:15:07] GF_col_vec
INFO [2022-06-07 14:15:07] 
INFO [2022-06-07 14:15:07] $cat.cex
INFO [2022-06-07 14:15:07] [1] 1.5
INFO [2022-06-07 14:15:07] 
INFO [2022-06-07 14:15:07] $cex
INFO [2022-06-07 14:15:07] [1] 1.5
INFO [2022-06-07 14:15:07] 
INFO [2022-06-07 14:15:07] $scaled
INFO [2022-06-07 14:15:07] [1] FALSE
INFO [2022-06-07 14:15:07] 
