INFO [2022-06-13 15:48:12] $x
INFO [2022-06-13 15:48:12] list(YLiveLeaves, NLiveLeaves)
INFO [2022-06-13 15:48:12] 
INFO [2022-06-13 15:48:12] $category.names
INFO [2022-06-13 15:48:12] c("Gap", "Forest")
INFO [2022-06-13 15:48:12] 
INFO [2022-06-13 15:48:12] $filename
INFO [2022-06-13 15:48:12] [1] "LiveLivesGapForest.png"
INFO [2022-06-13 15:48:12] 
INFO [2022-06-13 15:48:12] $output
INFO [2022-06-13 15:48:12] [1] TRUE
INFO [2022-06-13 15:48:12] 
INFO [2022-06-13 15:48:12] $fill
INFO [2022-06-13 15:48:12] GF_col_vec
INFO [2022-06-13 15:48:12] 
INFO [2022-06-13 15:48:12] $cat.cex
INFO [2022-06-13 15:48:12] [1] 1.5
INFO [2022-06-13 15:48:12] 
INFO [2022-06-13 15:48:12] $cex
INFO [2022-06-13 15:48:12] [1] 1.5
INFO [2022-06-13 15:48:12] 
INFO [2022-06-13 15:48:12] $scaled
INFO [2022-06-13 15:48:12] [1] FALSE
INFO [2022-06-13 15:48:12] 
