INFO [2021-05-20 14:44:20] $x
INFO [2021-05-20 14:44:20] list(YLiveLeaves, NLiveLeaves)
INFO [2021-05-20 14:44:20] 
INFO [2021-05-20 14:44:20] $category.names
INFO [2021-05-20 14:44:20] c("Gap", "Forest")
INFO [2021-05-20 14:44:20] 
INFO [2021-05-20 14:44:20] $filename
INFO [2021-05-20 14:44:20] [1] "LiveLivesGapForest.png"
INFO [2021-05-20 14:44:20] 
INFO [2021-05-20 14:44:20] $output
INFO [2021-05-20 14:44:20] [1] TRUE
INFO [2021-05-20 14:44:20] 
INFO [2021-05-20 14:44:20] $fill
INFO [2021-05-20 14:44:20] GF_col_vec
INFO [2021-05-20 14:44:20] 
INFO [2021-05-20 14:44:20] $cat.cex
INFO [2021-05-20 14:44:20] [1] 1.5
INFO [2021-05-20 14:44:20] 
INFO [2021-05-20 14:44:20] $cex
INFO [2021-05-20 14:44:20] [1] 1.5
INFO [2021-05-20 14:44:20] 
INFO [2021-05-20 14:44:20] $scaled
INFO [2021-05-20 14:44:20] [1] FALSE
INFO [2021-05-20 14:44:20] 
