INFO [2020-08-10 07:27:06] $x
INFO [2020-08-10 07:27:06] list(YLiveLeaves, NLiveLeaves)
INFO [2020-08-10 07:27:06] 
INFO [2020-08-10 07:27:06] $category.names
INFO [2020-08-10 07:27:06] c("Forest", "Gap")
INFO [2020-08-10 07:27:06] 
INFO [2020-08-10 07:27:06] $filename
INFO [2020-08-10 07:27:06] [1] "LiveLivesGapForest.png"
INFO [2020-08-10 07:27:06] 
INFO [2020-08-10 07:27:06] $output
INFO [2020-08-10 07:27:06] [1] TRUE
INFO [2020-08-10 07:27:06] 
INFO [2020-08-10 07:27:06] $fill
INFO [2020-08-10 07:27:06] GF_col_vec
INFO [2020-08-10 07:27:06] 
INFO [2020-08-10 07:27:06] $cat.cex
INFO [2020-08-10 07:27:06] [1] 1.5
INFO [2020-08-10 07:27:06] 
INFO [2020-08-10 07:27:06] $cex
INFO [2020-08-10 07:27:06] [1] 1.5
INFO [2020-08-10 07:27:06] 
INFO [2020-08-10 07:27:06] $scaled
INFO [2020-08-10 07:27:06] [1] FALSE
INFO [2020-08-10 07:27:06] 
