INFO [2020-08-09 10:33:41] $x
INFO [2020-08-09 10:33:41] list(YLiveLeaves, NLiveLeaves)
INFO [2020-08-09 10:33:41] 
INFO [2020-08-09 10:33:41] $category.names
INFO [2020-08-09 10:33:41] c("Forest", "Gap")
INFO [2020-08-09 10:33:41] 
INFO [2020-08-09 10:33:41] $filename
INFO [2020-08-09 10:33:41] [1] "LiveLivesGapForest.png"
INFO [2020-08-09 10:33:41] 
INFO [2020-08-09 10:33:41] $output
INFO [2020-08-09 10:33:41] [1] TRUE
INFO [2020-08-09 10:33:41] 
INFO [2020-08-09 10:33:41] $fill
INFO [2020-08-09 10:33:41] GF_col_vec
INFO [2020-08-09 10:33:41] 
INFO [2020-08-09 10:33:41] $cat.cex
INFO [2020-08-09 10:33:41] [1] 1.5
INFO [2020-08-09 10:33:41] 
INFO [2020-08-09 10:33:41] $cex
INFO [2020-08-09 10:33:41] [1] 1.5
INFO [2020-08-09 10:33:41] 
INFO [2020-08-09 10:33:41] $scaled
INFO [2020-08-09 10:33:41] [1] FALSE
INFO [2020-08-09 10:33:41] 
