INFO [2020-08-09 11:29:50] $x
INFO [2020-08-09 11:29:50] list(YLiveLeaves, NLiveLeaves)
INFO [2020-08-09 11:29:50] 
INFO [2020-08-09 11:29:50] $category.names
INFO [2020-08-09 11:29:50] c("Forest", "Gap")
INFO [2020-08-09 11:29:50] 
INFO [2020-08-09 11:29:50] $filename
INFO [2020-08-09 11:29:50] [1] "LiveLivesGapForest.png"
INFO [2020-08-09 11:29:50] 
INFO [2020-08-09 11:29:50] $output
INFO [2020-08-09 11:29:50] [1] TRUE
INFO [2020-08-09 11:29:50] 
INFO [2020-08-09 11:29:50] $fill
INFO [2020-08-09 11:29:50] GF_col_vec
INFO [2020-08-09 11:29:50] 
INFO [2020-08-09 11:29:50] $cat.cex
INFO [2020-08-09 11:29:50] [1] 1.5
INFO [2020-08-09 11:29:50] 
INFO [2020-08-09 11:29:50] $cex
INFO [2020-08-09 11:29:50] [1] 1.5
INFO [2020-08-09 11:29:50] 
INFO [2020-08-09 11:29:50] $scaled
INFO [2020-08-09 11:29:50] [1] FALSE
INFO [2020-08-09 11:29:50] 
