INFO [2021-11-01 10:35:46] $x
INFO [2021-11-01 10:35:46] list(YLiveLeaves, NLiveLeaves)
INFO [2021-11-01 10:35:46] 
INFO [2021-11-01 10:35:46] $category.names
INFO [2021-11-01 10:35:46] c("Gap", "Forest")
INFO [2021-11-01 10:35:46] 
INFO [2021-11-01 10:35:46] $filename
INFO [2021-11-01 10:35:46] [1] "LiveLivesGapForest.png"
INFO [2021-11-01 10:35:46] 
INFO [2021-11-01 10:35:46] $output
INFO [2021-11-01 10:35:46] [1] TRUE
INFO [2021-11-01 10:35:46] 
INFO [2021-11-01 10:35:46] $fill
INFO [2021-11-01 10:35:46] GF_col_vec
INFO [2021-11-01 10:35:46] 
INFO [2021-11-01 10:35:46] $cat.cex
INFO [2021-11-01 10:35:46] [1] 1.5
INFO [2021-11-01 10:35:46] 
INFO [2021-11-01 10:35:46] $cex
INFO [2021-11-01 10:35:46] [1] 1.5
INFO [2021-11-01 10:35:46] 
INFO [2021-11-01 10:35:46] $scaled
INFO [2021-11-01 10:35:46] [1] FALSE
INFO [2021-11-01 10:35:46] 
