INFO [2022-06-15 14:28:32] $x
INFO [2022-06-15 14:28:32] list(YLiveLeaves, NLiveLeaves)
INFO [2022-06-15 14:28:32] 
INFO [2022-06-15 14:28:32] $category.names
INFO [2022-06-15 14:28:32] c("Gap", "Forest")
INFO [2022-06-15 14:28:32] 
INFO [2022-06-15 14:28:32] $filename
INFO [2022-06-15 14:28:32] [1] "LiveLivesGapForest.png"
INFO [2022-06-15 14:28:32] 
INFO [2022-06-15 14:28:32] $output
INFO [2022-06-15 14:28:32] [1] TRUE
INFO [2022-06-15 14:28:32] 
INFO [2022-06-15 14:28:32] $fill
INFO [2022-06-15 14:28:32] GF_col_vec
INFO [2022-06-15 14:28:32] 
INFO [2022-06-15 14:28:32] $cat.cex
INFO [2022-06-15 14:28:32] [1] 1.5
INFO [2022-06-15 14:28:32] 
INFO [2022-06-15 14:28:32] $cex
INFO [2022-06-15 14:28:32] [1] 1.5
INFO [2022-06-15 14:28:32] 
INFO [2022-06-15 14:28:32] $scaled
INFO [2022-06-15 14:28:32] [1] FALSE
INFO [2022-06-15 14:28:32] 
ERROR [2022-06-15 14:28:32] NAs in dataset
