INFO [2020-08-09 11:29:51] $x
INFO [2020-08-09 11:29:51] list(YTerrestrialLitter, NTerrestrialLitter)
INFO [2020-08-09 11:29:51] 
INFO [2020-08-09 11:29:51] $category.names
INFO [2020-08-09 11:29:51] c("Forest", "Gap")
INFO [2020-08-09 11:29:51] 
INFO [2020-08-09 11:29:51] $filename
INFO [2020-08-09 11:29:51] [1] "TerrestrialLitterGapForest.png"
INFO [2020-08-09 11:29:51] 
INFO [2020-08-09 11:29:51] $output
INFO [2020-08-09 11:29:51] [1] TRUE
INFO [2020-08-09 11:29:51] 
INFO [2020-08-09 11:29:51] $fill
INFO [2020-08-09 11:29:51] GF_col_vec
INFO [2020-08-09 11:29:51] 
INFO [2020-08-09 11:29:51] $cat.cex
INFO [2020-08-09 11:29:51] [1] 1.5
INFO [2020-08-09 11:29:51] 
INFO [2020-08-09 11:29:51] $cex
INFO [2020-08-09 11:29:51] [1] 1.5
INFO [2020-08-09 11:29:51] 
INFO [2020-08-09 11:29:51] $scaled
INFO [2020-08-09 11:29:51] [1] FALSE
INFO [2020-08-09 11:29:51] 
