INFO [2021-11-01 10:35:48] $x
INFO [2021-11-01 10:35:48] list(YTerrestrialLitter, NTerrestrialLitter)
INFO [2021-11-01 10:35:48] 
INFO [2021-11-01 10:35:48] $category.names
INFO [2021-11-01 10:35:48] c("Gap", "Forest")
INFO [2021-11-01 10:35:48] 
INFO [2021-11-01 10:35:48] $filename
INFO [2021-11-01 10:35:48] [1] "TerrestrialLitterGapForest.png"
INFO [2021-11-01 10:35:48] 
INFO [2021-11-01 10:35:48] $output
INFO [2021-11-01 10:35:48] [1] TRUE
INFO [2021-11-01 10:35:48] 
INFO [2021-11-01 10:35:48] $fill
INFO [2021-11-01 10:35:48] GF_col_vec
INFO [2021-11-01 10:35:48] 
INFO [2021-11-01 10:35:48] $cat.cex
INFO [2021-11-01 10:35:48] [1] 1.5
INFO [2021-11-01 10:35:48] 
INFO [2021-11-01 10:35:48] $cex
INFO [2021-11-01 10:35:48] [1] 1.5
INFO [2021-11-01 10:35:48] 
INFO [2021-11-01 10:35:48] $scaled
INFO [2021-11-01 10:35:48] [1] FALSE
INFO [2021-11-01 10:35:48] 
