INFO [2021-05-20 14:44:22] $x
INFO [2021-05-20 14:44:22] list(YTerrestrialLitter, NTerrestrialLitter)
INFO [2021-05-20 14:44:22] 
INFO [2021-05-20 14:44:22] $category.names
INFO [2021-05-20 14:44:22] c("Gap", "Forest")
INFO [2021-05-20 14:44:22] 
INFO [2021-05-20 14:44:22] $filename
INFO [2021-05-20 14:44:22] [1] "TerrestrialLitterGapForest.png"
INFO [2021-05-20 14:44:22] 
INFO [2021-05-20 14:44:22] $output
INFO [2021-05-20 14:44:22] [1] TRUE
INFO [2021-05-20 14:44:22] 
INFO [2021-05-20 14:44:22] $fill
INFO [2021-05-20 14:44:22] GF_col_vec
INFO [2021-05-20 14:44:22] 
INFO [2021-05-20 14:44:22] $cat.cex
INFO [2021-05-20 14:44:22] [1] 1.5
INFO [2021-05-20 14:44:22] 
INFO [2021-05-20 14:44:22] $cex
INFO [2021-05-20 14:44:22] [1] 1.5
INFO [2021-05-20 14:44:22] 
INFO [2021-05-20 14:44:22] $scaled
INFO [2021-05-20 14:44:22] [1] FALSE
INFO [2021-05-20 14:44:22] 
