INFO [2020-08-09 10:33:42] $x
INFO [2020-08-09 10:33:42] list(YTerrestrialLitter, NTerrestrialLitter)
INFO [2020-08-09 10:33:42] 
INFO [2020-08-09 10:33:42] $category.names
INFO [2020-08-09 10:33:42] c("Forest", "Gap")
INFO [2020-08-09 10:33:42] 
INFO [2020-08-09 10:33:42] $filename
INFO [2020-08-09 10:33:42] [1] "TerrestrialLitterGapForest.png"
INFO [2020-08-09 10:33:42] 
INFO [2020-08-09 10:33:42] $output
INFO [2020-08-09 10:33:42] [1] TRUE
INFO [2020-08-09 10:33:42] 
INFO [2020-08-09 10:33:42] $fill
INFO [2020-08-09 10:33:42] GF_col_vec
INFO [2020-08-09 10:33:42] 
INFO [2020-08-09 10:33:42] $cat.cex
INFO [2020-08-09 10:33:42] [1] 1.5
INFO [2020-08-09 10:33:42] 
INFO [2020-08-09 10:33:42] $cex
INFO [2020-08-09 10:33:42] [1] 1.5
INFO [2020-08-09 10:33:42] 
INFO [2020-08-09 10:33:42] $scaled
INFO [2020-08-09 10:33:42] [1] FALSE
INFO [2020-08-09 10:33:42] 
