INFO [2022-06-13 15:48:14] $x
INFO [2022-06-13 15:48:14] list(YTerrestrialLitter, NTerrestrialLitter)
INFO [2022-06-13 15:48:14] 
INFO [2022-06-13 15:48:14] $category.names
INFO [2022-06-13 15:48:14] c("Gap", "Forest")
INFO [2022-06-13 15:48:14] 
INFO [2022-06-13 15:48:14] $filename
INFO [2022-06-13 15:48:14] [1] "TerrestrialLitterGapForest.png"
INFO [2022-06-13 15:48:14] 
INFO [2022-06-13 15:48:14] $output
INFO [2022-06-13 15:48:14] [1] TRUE
INFO [2022-06-13 15:48:14] 
INFO [2022-06-13 15:48:14] $fill
INFO [2022-06-13 15:48:14] GF_col_vec
INFO [2022-06-13 15:48:14] 
INFO [2022-06-13 15:48:14] $cat.cex
INFO [2022-06-13 15:48:14] [1] 1.5
INFO [2022-06-13 15:48:14] 
INFO [2022-06-13 15:48:14] $cex
INFO [2022-06-13 15:48:14] [1] 1.5
INFO [2022-06-13 15:48:14] 
INFO [2022-06-13 15:48:14] $scaled
INFO [2022-06-13 15:48:14] [1] FALSE
INFO [2022-06-13 15:48:14] 
