INFO [2022-06-14 16:01:24] $x
INFO [2022-06-14 16:01:24] list(YTerrestrialLitter, NTerrestrialLitter)
INFO [2022-06-14 16:01:24] 
INFO [2022-06-14 16:01:24] $category.names
INFO [2022-06-14 16:01:24] c("Gap", "Forest")
INFO [2022-06-14 16:01:24] 
INFO [2022-06-14 16:01:24] $filename
INFO [2022-06-14 16:01:24] [1] "TerrestrialLitterGapForest.png"
INFO [2022-06-14 16:01:24] 
INFO [2022-06-14 16:01:24] $output
INFO [2022-06-14 16:01:24] [1] TRUE
INFO [2022-06-14 16:01:24] 
INFO [2022-06-14 16:01:24] $fill
INFO [2022-06-14 16:01:24] GF_col_vec
INFO [2022-06-14 16:01:24] 
INFO [2022-06-14 16:01:24] $cat.cex
INFO [2022-06-14 16:01:24] [1] 1.5
INFO [2022-06-14 16:01:24] 
INFO [2022-06-14 16:01:24] $cex
INFO [2022-06-14 16:01:24] [1] 1.5
INFO [2022-06-14 16:01:24] 
INFO [2022-06-14 16:01:24] $scaled
INFO [2022-06-14 16:01:24] [1] FALSE
INFO [2022-06-14 16:01:24] 
