INFO [2020-08-10 07:27:07] $x
INFO [2020-08-10 07:27:07] list(YTerrestrialLitter, NTerrestrialLitter)
INFO [2020-08-10 07:27:07] 
INFO [2020-08-10 07:27:07] $category.names
INFO [2020-08-10 07:27:07] c("Forest", "Gap")
INFO [2020-08-10 07:27:07] 
INFO [2020-08-10 07:27:07] $filename
INFO [2020-08-10 07:27:07] [1] "TerrestrialLitterGapForest.png"
INFO [2020-08-10 07:27:07] 
INFO [2020-08-10 07:27:07] $output
INFO [2020-08-10 07:27:07] [1] TRUE
INFO [2020-08-10 07:27:07] 
INFO [2020-08-10 07:27:07] $fill
INFO [2020-08-10 07:27:07] GF_col_vec
INFO [2020-08-10 07:27:07] 
INFO [2020-08-10 07:27:07] $cat.cex
INFO [2020-08-10 07:27:07] [1] 1.5
INFO [2020-08-10 07:27:07] 
INFO [2020-08-10 07:27:07] $cex
INFO [2020-08-10 07:27:07] [1] 1.5
INFO [2020-08-10 07:27:07] 
INFO [2020-08-10 07:27:07] $scaled
INFO [2020-08-10 07:27:07] [1] FALSE
INFO [2020-08-10 07:27:07] 
