INFO [2022-06-07 14:15:09] $x
INFO [2022-06-07 14:15:09] list(YTerrestrialLitter, NTerrestrialLitter)
INFO [2022-06-07 14:15:09] 
INFO [2022-06-07 14:15:09] $category.names
INFO [2022-06-07 14:15:09] c("Gap", "Forest")
INFO [2022-06-07 14:15:09] 
INFO [2022-06-07 14:15:09] $filename
INFO [2022-06-07 14:15:09] [1] "TerrestrialLitterGapForest.png"
INFO [2022-06-07 14:15:09] 
INFO [2022-06-07 14:15:09] $output
INFO [2022-06-07 14:15:09] [1] TRUE
INFO [2022-06-07 14:15:09] 
INFO [2022-06-07 14:15:09] $fill
INFO [2022-06-07 14:15:09] GF_col_vec
INFO [2022-06-07 14:15:09] 
INFO [2022-06-07 14:15:09] $cat.cex
INFO [2022-06-07 14:15:09] [1] 1.5
INFO [2022-06-07 14:15:09] 
INFO [2022-06-07 14:15:09] $cex
INFO [2022-06-07 14:15:09] [1] 1.5
INFO [2022-06-07 14:15:09] 
INFO [2022-06-07 14:15:09] $scaled
INFO [2022-06-07 14:15:09] [1] FALSE
INFO [2022-06-07 14:15:09] 
