INFO [2021-05-20 14:49:47] $x
INFO [2021-05-20 14:49:47] temp
INFO [2021-05-20 14:49:47] 
INFO [2021-05-20 14:49:47] $sp.cases
INFO [2021-05-20 14:49:47] special
INFO [2021-05-20 14:49:47] 
INFO [2021-05-20 14:49:47] $filename
INFO [2021-05-20 14:49:47] NULL
INFO [2021-05-20 14:49:47] 
INFO [2021-05-20 14:49:47] $col
INFO [2021-05-20 14:49:47] [1] "black"
INFO [2021-05-20 14:49:47] 
INFO [2021-05-20 14:49:47] $fill
INFO [2021-05-20 14:49:47] c(colors[1], colors[2], colors[3])
INFO [2021-05-20 14:49:47] 
INFO [2021-05-20 14:49:47] $alpha
INFO [2021-05-20 14:49:47] [1] 0.5
INFO [2021-05-20 14:49:47] 
INFO [2021-05-20 14:49:47] $label.col
INFO [2021-05-20 14:49:47] c("black", "white", "black", "white", "white", "white", "black")
INFO [2021-05-20 14:49:47] 
INFO [2021-05-20 14:49:47] $cex
INFO [2021-05-20 14:49:47] [1] 2.5
INFO [2021-05-20 14:49:47] 
INFO [2021-05-20 14:49:47] $fontfamily
INFO [2021-05-20 14:49:47] [1] "serif"
INFO [2021-05-20 14:49:47] 
INFO [2021-05-20 14:49:47] $fontface
INFO [2021-05-20 14:49:47] [1] "bold"
INFO [2021-05-20 14:49:47] 
INFO [2021-05-20 14:49:47] $cat.default.pos
INFO [2021-05-20 14:49:47] [1] "text"
INFO [2021-05-20 14:49:47] 
INFO [2021-05-20 14:49:47] $cat.col
INFO [2021-05-20 14:49:47] c("black", "black", "black")
INFO [2021-05-20 14:49:47] 
INFO [2021-05-20 14:49:47] $cat.cex
INFO [2021-05-20 14:49:47] [1] 2.5
INFO [2021-05-20 14:49:47] 
INFO [2021-05-20 14:49:47] $cat.fontfamily
INFO [2021-05-20 14:49:47] [1] "serif"
INFO [2021-05-20 14:49:47] 
INFO [2021-05-20 14:49:47] $cat.dist
INFO [2021-05-20 14:49:47] c(0.06, 0.06, 0.03)
INFO [2021-05-20 14:49:47] 
INFO [2021-05-20 14:49:47] $cat.pos
INFO [2021-05-20 14:49:47] [1] 0
INFO [2021-05-20 14:49:47] 
INFO [2021-05-20 14:49:47] $euler.d
INFO [2021-05-20 14:49:47] euler
INFO [2021-05-20 14:49:47] 
INFO [2021-05-20 14:49:47] $scaled
INFO [2021-05-20 14:49:47] euler
INFO [2021-05-20 14:49:47] 
