INFO [2021-05-20 14:47:43] $x
INFO [2021-05-20 14:47:43] temp
INFO [2021-05-20 14:47:43] 
INFO [2021-05-20 14:47:43] $sp.cases
INFO [2021-05-20 14:47:43] special
INFO [2021-05-20 14:47:43] 
INFO [2021-05-20 14:47:43] $filename
INFO [2021-05-20 14:47:43] NULL
INFO [2021-05-20 14:47:43] 
INFO [2021-05-20 14:47:43] $col
INFO [2021-05-20 14:47:43] [1] "black"
INFO [2021-05-20 14:47:43] 
INFO [2021-05-20 14:47:43] $fill
INFO [2021-05-20 14:47:43] c(colors[1], colors[4], colors[2], colors[3])
INFO [2021-05-20 14:47:43] 
INFO [2021-05-20 14:47:43] $alpha
INFO [2021-05-20 14:47:43] [1] 0.5
INFO [2021-05-20 14:47:43] 
INFO [2021-05-20 14:47:43] $label.col
INFO [2021-05-20 14:47:43] c("black")
INFO [2021-05-20 14:47:43] 
INFO [2021-05-20 14:47:43] $cex
INFO [2021-05-20 14:47:43] [1] 2.5
INFO [2021-05-20 14:47:43] 
INFO [2021-05-20 14:47:43] $fontfamily
INFO [2021-05-20 14:47:43] [1] "serif"
INFO [2021-05-20 14:47:43] 
INFO [2021-05-20 14:47:43] $fontface
INFO [2021-05-20 14:47:43] [1] "bold"
INFO [2021-05-20 14:47:43] 
INFO [2021-05-20 14:47:43] $cat.default.pos
INFO [2021-05-20 14:47:43] [1] "text"
INFO [2021-05-20 14:47:43] 
INFO [2021-05-20 14:47:43] $cat.col
INFO [2021-05-20 14:47:43] c("black")
INFO [2021-05-20 14:47:43] 
INFO [2021-05-20 14:47:43] $cat.cex
INFO [2021-05-20 14:47:43] [1] 3
INFO [2021-05-20 14:47:43] 
INFO [2021-05-20 14:47:43] $cat.fontfamily
INFO [2021-05-20 14:47:43] [1] "serif"
INFO [2021-05-20 14:47:43] 
INFO [2021-05-20 14:47:43] $cat.pos
INFO [2021-05-20 14:47:43] [1] 0
INFO [2021-05-20 14:47:43] 
INFO [2021-05-20 14:47:43] $euler.d
INFO [2021-05-20 14:47:43] euler
INFO [2021-05-20 14:47:43] 
INFO [2021-05-20 14:47:43] $scaled
INFO [2021-05-20 14:47:43] euler
INFO [2021-05-20 14:47:43] 
