INFO [2021-05-20 14:45:59] $x
INFO [2021-05-20 14:45:59] temp
INFO [2021-05-20 14:45:59] 
INFO [2021-05-20 14:45:59] $sp.cases
INFO [2021-05-20 14:45:59] special
INFO [2021-05-20 14:45:59] 
INFO [2021-05-20 14:45:59] $filename
INFO [2021-05-20 14:45:59] NULL
INFO [2021-05-20 14:45:59] 
INFO [2021-05-20 14:45:59] $col
INFO [2021-05-20 14:45:59] [1] "black"
INFO [2021-05-20 14:45:59] 
INFO [2021-05-20 14:45:59] $fill
INFO [2021-05-20 14:45:59] c(colors[1], colors[4], colors[2], colors[3])
INFO [2021-05-20 14:45:59] 
INFO [2021-05-20 14:45:59] $alpha
INFO [2021-05-20 14:45:59] [1] 0.5
INFO [2021-05-20 14:45:59] 
INFO [2021-05-20 14:45:59] $label.col
INFO [2021-05-20 14:45:59] c("black")
INFO [2021-05-20 14:45:59] 
INFO [2021-05-20 14:45:59] $cex
INFO [2021-05-20 14:45:59] [1] 2.5
INFO [2021-05-20 14:45:59] 
INFO [2021-05-20 14:45:59] $fontfamily
INFO [2021-05-20 14:45:59] [1] "serif"
INFO [2021-05-20 14:45:59] 
INFO [2021-05-20 14:45:59] $fontface
INFO [2021-05-20 14:45:59] [1] "bold"
INFO [2021-05-20 14:45:59] 
INFO [2021-05-20 14:45:59] $cat.default.pos
INFO [2021-05-20 14:45:59] [1] "text"
INFO [2021-05-20 14:45:59] 
INFO [2021-05-20 14:45:59] $cat.col
INFO [2021-05-20 14:45:59] c("black")
INFO [2021-05-20 14:45:59] 
INFO [2021-05-20 14:45:59] $cat.cex
INFO [2021-05-20 14:45:59] [1] 3
INFO [2021-05-20 14:45:59] 
INFO [2021-05-20 14:45:59] $cat.fontfamily
INFO [2021-05-20 14:45:59] [1] "serif"
INFO [2021-05-20 14:45:59] 
INFO [2021-05-20 14:45:59] $cat.pos
INFO [2021-05-20 14:45:59] [1] 0
INFO [2021-05-20 14:45:59] 
INFO [2021-05-20 14:45:59] $euler.d
INFO [2021-05-20 14:45:59] euler
INFO [2021-05-20 14:45:59] 
INFO [2021-05-20 14:45:59] $scaled
INFO [2021-05-20 14:45:59] euler
INFO [2021-05-20 14:45:59] 
