INFO [2020-08-09 11:29:50] $x
INFO [2020-08-09 11:29:50] temp
INFO [2020-08-09 11:29:50] 
INFO [2020-08-09 11:29:50] $sp.cases
INFO [2020-08-09 11:29:50] special
INFO [2020-08-09 11:29:50] 
INFO [2020-08-09 11:29:50] $filename
INFO [2020-08-09 11:29:50] NULL
INFO [2020-08-09 11:29:50] 
INFO [2020-08-09 11:29:50] $col
INFO [2020-08-09 11:29:50] [1] "black"
INFO [2020-08-09 11:29:50] 
INFO [2020-08-09 11:29:50] $fill
INFO [2020-08-09 11:29:50] c(colors[1], colors[2], colors[3])
INFO [2020-08-09 11:29:50] 
INFO [2020-08-09 11:29:50] $alpha
INFO [2020-08-09 11:29:50] [1] 0.5
INFO [2020-08-09 11:29:50] 
INFO [2020-08-09 11:29:50] $label.col
INFO [2020-08-09 11:29:50] c("black", "white", "black", "white", "white", "white", "black")
INFO [2020-08-09 11:29:50] 
INFO [2020-08-09 11:29:50] $cex
INFO [2020-08-09 11:29:50] [1] 2.5
INFO [2020-08-09 11:29:50] 
INFO [2020-08-09 11:29:50] $fontfamily
INFO [2020-08-09 11:29:50] [1] "serif"
INFO [2020-08-09 11:29:50] 
INFO [2020-08-09 11:29:50] $fontface
INFO [2020-08-09 11:29:50] [1] "bold"
INFO [2020-08-09 11:29:50] 
INFO [2020-08-09 11:29:50] $cat.default.pos
INFO [2020-08-09 11:29:50] [1] "text"
INFO [2020-08-09 11:29:50] 
INFO [2020-08-09 11:29:50] $cat.col
INFO [2020-08-09 11:29:50] c("black", "black", "black")
INFO [2020-08-09 11:29:50] 
INFO [2020-08-09 11:29:50] $cat.cex
INFO [2020-08-09 11:29:50] [1] 2.5
INFO [2020-08-09 11:29:50] 
INFO [2020-08-09 11:29:50] $cat.fontfamily
INFO [2020-08-09 11:29:50] [1] "serif"
INFO [2020-08-09 11:29:50] 
INFO [2020-08-09 11:29:50] $cat.dist
INFO [2020-08-09 11:29:50] c(0.06, 0.06, 0.03)
INFO [2020-08-09 11:29:50] 
INFO [2020-08-09 11:29:50] $cat.pos
INFO [2020-08-09 11:29:50] [1] 0
INFO [2020-08-09 11:29:50] 
INFO [2020-08-09 11:29:50] $euler.d
INFO [2020-08-09 11:29:50] euler
INFO [2020-08-09 11:29:50] 
INFO [2020-08-09 11:29:50] $scaled
INFO [2020-08-09 11:29:50] euler
INFO [2020-08-09 11:29:50] 
