INFO [2020-08-10 07:27:04] $x
INFO [2020-08-10 07:27:04] temp
INFO [2020-08-10 07:27:04] 
INFO [2020-08-10 07:27:04] $sp.cases
INFO [2020-08-10 07:27:04] special
INFO [2020-08-10 07:27:04] 
INFO [2020-08-10 07:27:04] $filename
INFO [2020-08-10 07:27:04] NULL
INFO [2020-08-10 07:27:04] 
INFO [2020-08-10 07:27:04] $col
INFO [2020-08-10 07:27:04] [1] "black"
INFO [2020-08-10 07:27:04] 
INFO [2020-08-10 07:27:04] $fill
INFO [2020-08-10 07:27:04] c(colors[1], colors[4], colors[2], colors[3])
INFO [2020-08-10 07:27:04] 
INFO [2020-08-10 07:27:04] $alpha
INFO [2020-08-10 07:27:04] [1] 0.5
INFO [2020-08-10 07:27:04] 
INFO [2020-08-10 07:27:04] $label.col
INFO [2020-08-10 07:27:04] c("black")
INFO [2020-08-10 07:27:04] 
INFO [2020-08-10 07:27:04] $cex
INFO [2020-08-10 07:27:04] [1] 2.5
INFO [2020-08-10 07:27:04] 
INFO [2020-08-10 07:27:04] $fontfamily
INFO [2020-08-10 07:27:04] [1] "serif"
INFO [2020-08-10 07:27:04] 
INFO [2020-08-10 07:27:04] $fontface
INFO [2020-08-10 07:27:04] [1] "bold"
INFO [2020-08-10 07:27:04] 
INFO [2020-08-10 07:27:04] $cat.default.pos
INFO [2020-08-10 07:27:04] [1] "text"
INFO [2020-08-10 07:27:04] 
INFO [2020-08-10 07:27:04] $cat.col
INFO [2020-08-10 07:27:04] c("black")
INFO [2020-08-10 07:27:04] 
INFO [2020-08-10 07:27:04] $cat.cex
INFO [2020-08-10 07:27:04] [1] 3
INFO [2020-08-10 07:27:04] 
INFO [2020-08-10 07:27:04] $cat.fontfamily
INFO [2020-08-10 07:27:04] [1] "serif"
INFO [2020-08-10 07:27:04] 
INFO [2020-08-10 07:27:04] $cat.pos
INFO [2020-08-10 07:27:04] [1] 0
INFO [2020-08-10 07:27:04] 
INFO [2020-08-10 07:27:04] $euler.d
INFO [2020-08-10 07:27:04] euler
INFO [2020-08-10 07:27:04] 
INFO [2020-08-10 07:27:04] $scaled
INFO [2020-08-10 07:27:04] euler
INFO [2020-08-10 07:27:04] 
