INFO [2021-05-20 14:47:37] $x
INFO [2021-05-20 14:47:37] temp
INFO [2021-05-20 14:47:37] 
INFO [2021-05-20 14:47:37] $sp.cases
INFO [2021-05-20 14:47:37] special
INFO [2021-05-20 14:47:37] 
INFO [2021-05-20 14:47:37] $filename
INFO [2021-05-20 14:47:37] NULL
INFO [2021-05-20 14:47:37] 
INFO [2021-05-20 14:47:37] $col
INFO [2021-05-20 14:47:37] [1] "black"
INFO [2021-05-20 14:47:37] 
INFO [2021-05-20 14:47:37] $fill
INFO [2021-05-20 14:47:37] c(colors[1], colors[2], colors[3])
INFO [2021-05-20 14:47:37] 
INFO [2021-05-20 14:47:37] $alpha
INFO [2021-05-20 14:47:37] [1] 0.5
INFO [2021-05-20 14:47:37] 
INFO [2021-05-20 14:47:37] $label.col
INFO [2021-05-20 14:47:37] c("black", "white", "black", "white", "white", "white", "black")
INFO [2021-05-20 14:47:37] 
INFO [2021-05-20 14:47:37] $cex
INFO [2021-05-20 14:47:37] [1] 2.5
INFO [2021-05-20 14:47:37] 
INFO [2021-05-20 14:47:37] $fontfamily
INFO [2021-05-20 14:47:37] [1] "serif"
INFO [2021-05-20 14:47:37] 
INFO [2021-05-20 14:47:37] $fontface
INFO [2021-05-20 14:47:37] [1] "bold"
INFO [2021-05-20 14:47:37] 
INFO [2021-05-20 14:47:37] $cat.default.pos
INFO [2021-05-20 14:47:37] [1] "text"
INFO [2021-05-20 14:47:37] 
INFO [2021-05-20 14:47:37] $cat.col
INFO [2021-05-20 14:47:37] c("black", "black", "black")
INFO [2021-05-20 14:47:37] 
INFO [2021-05-20 14:47:37] $cat.cex
INFO [2021-05-20 14:47:37] [1] 2.5
INFO [2021-05-20 14:47:37] 
INFO [2021-05-20 14:47:37] $cat.fontfamily
INFO [2021-05-20 14:47:37] [1] "serif"
INFO [2021-05-20 14:47:37] 
INFO [2021-05-20 14:47:37] $cat.dist
INFO [2021-05-20 14:47:37] c(0.06, 0.06, 0.03)
INFO [2021-05-20 14:47:37] 
INFO [2021-05-20 14:47:37] $cat.pos
INFO [2021-05-20 14:47:37] [1] 0
INFO [2021-05-20 14:47:37] 
INFO [2021-05-20 14:47:37] $euler.d
INFO [2021-05-20 14:47:37] euler
INFO [2021-05-20 14:47:37] 
INFO [2021-05-20 14:47:37] $scaled
INFO [2021-05-20 14:47:37] euler
INFO [2021-05-20 14:47:37] 
