INFO [2020-08-09 11:29:45] $x
INFO [2020-08-09 11:29:45] temp
INFO [2020-08-09 11:29:45] 
INFO [2020-08-09 11:29:45] $sp.cases
INFO [2020-08-09 11:29:45] special
INFO [2020-08-09 11:29:45] 
INFO [2020-08-09 11:29:45] $filename
INFO [2020-08-09 11:29:45] NULL
INFO [2020-08-09 11:29:45] 
INFO [2020-08-09 11:29:45] $col
INFO [2020-08-09 11:29:45] [1] "black"
INFO [2020-08-09 11:29:45] 
INFO [2020-08-09 11:29:45] $fill
INFO [2020-08-09 11:29:45] c(colors[1], colors[4], colors[2], colors[3])
INFO [2020-08-09 11:29:45] 
INFO [2020-08-09 11:29:45] $alpha
INFO [2020-08-09 11:29:45] [1] 0.5
INFO [2020-08-09 11:29:45] 
INFO [2020-08-09 11:29:45] $label.col
INFO [2020-08-09 11:29:45] c("black")
INFO [2020-08-09 11:29:45] 
INFO [2020-08-09 11:29:45] $cex
INFO [2020-08-09 11:29:45] [1] 2.5
INFO [2020-08-09 11:29:45] 
INFO [2020-08-09 11:29:45] $fontfamily
INFO [2020-08-09 11:29:45] [1] "serif"
INFO [2020-08-09 11:29:45] 
INFO [2020-08-09 11:29:45] $fontface
INFO [2020-08-09 11:29:45] [1] "bold"
INFO [2020-08-09 11:29:45] 
INFO [2020-08-09 11:29:45] $cat.default.pos
INFO [2020-08-09 11:29:45] [1] "text"
INFO [2020-08-09 11:29:45] 
INFO [2020-08-09 11:29:45] $cat.col
INFO [2020-08-09 11:29:45] c("black")
INFO [2020-08-09 11:29:45] 
INFO [2020-08-09 11:29:45] $cat.cex
INFO [2020-08-09 11:29:45] [1] 3
INFO [2020-08-09 11:29:45] 
INFO [2020-08-09 11:29:45] $cat.fontfamily
INFO [2020-08-09 11:29:45] [1] "serif"
INFO [2020-08-09 11:29:45] 
INFO [2020-08-09 11:29:45] $cat.pos
INFO [2020-08-09 11:29:45] [1] 0
INFO [2020-08-09 11:29:45] 
INFO [2020-08-09 11:29:45] $euler.d
INFO [2020-08-09 11:29:45] euler
INFO [2020-08-09 11:29:45] 
INFO [2020-08-09 11:29:45] $scaled
INFO [2020-08-09 11:29:45] euler
INFO [2020-08-09 11:29:45] 
