INFO [2020-08-09 10:33:35] $x
INFO [2020-08-09 10:33:35] temp
INFO [2020-08-09 10:33:35] 
INFO [2020-08-09 10:33:35] $sp.cases
INFO [2020-08-09 10:33:35] special
INFO [2020-08-09 10:33:35] 
INFO [2020-08-09 10:33:35] $filename
INFO [2020-08-09 10:33:35] NULL
INFO [2020-08-09 10:33:35] 
INFO [2020-08-09 10:33:35] $col
INFO [2020-08-09 10:33:35] [1] "black"
INFO [2020-08-09 10:33:35] 
INFO [2020-08-09 10:33:35] $fill
INFO [2020-08-09 10:33:35] c(colors[1], colors[4], colors[2], colors[3])
INFO [2020-08-09 10:33:35] 
INFO [2020-08-09 10:33:35] $alpha
INFO [2020-08-09 10:33:35] [1] 0.5
INFO [2020-08-09 10:33:35] 
INFO [2020-08-09 10:33:35] $label.col
INFO [2020-08-09 10:33:35] c("black")
INFO [2020-08-09 10:33:35] 
INFO [2020-08-09 10:33:35] $cex
INFO [2020-08-09 10:33:35] [1] 2.5
INFO [2020-08-09 10:33:35] 
INFO [2020-08-09 10:33:35] $fontfamily
INFO [2020-08-09 10:33:35] [1] "serif"
INFO [2020-08-09 10:33:35] 
INFO [2020-08-09 10:33:35] $fontface
INFO [2020-08-09 10:33:35] [1] "bold"
INFO [2020-08-09 10:33:35] 
INFO [2020-08-09 10:33:35] $cat.default.pos
INFO [2020-08-09 10:33:35] [1] "text"
INFO [2020-08-09 10:33:35] 
INFO [2020-08-09 10:33:35] $cat.col
INFO [2020-08-09 10:33:35] c("black")
INFO [2020-08-09 10:33:35] 
INFO [2020-08-09 10:33:35] $cat.cex
INFO [2020-08-09 10:33:35] [1] 3
INFO [2020-08-09 10:33:35] 
INFO [2020-08-09 10:33:35] $cat.fontfamily
INFO [2020-08-09 10:33:35] [1] "serif"
INFO [2020-08-09 10:33:35] 
INFO [2020-08-09 10:33:35] $cat.pos
INFO [2020-08-09 10:33:35] [1] 0
INFO [2020-08-09 10:33:35] 
INFO [2020-08-09 10:33:35] $euler.d
INFO [2020-08-09 10:33:35] euler
INFO [2020-08-09 10:33:35] 
INFO [2020-08-09 10:33:35] $scaled
INFO [2020-08-09 10:33:35] euler
INFO [2020-08-09 10:33:35] 
