INFO [2020-08-09 10:33:39] $x
INFO [2020-08-09 10:33:39] temp
INFO [2020-08-09 10:33:39] 
INFO [2020-08-09 10:33:39] $sp.cases
INFO [2020-08-09 10:33:39] special
INFO [2020-08-09 10:33:39] 
INFO [2020-08-09 10:33:39] $filename
INFO [2020-08-09 10:33:39] NULL
INFO [2020-08-09 10:33:39] 
INFO [2020-08-09 10:33:39] $col
INFO [2020-08-09 10:33:39] [1] "black"
INFO [2020-08-09 10:33:39] 
INFO [2020-08-09 10:33:39] $fill
INFO [2020-08-09 10:33:39] c(colors[1], colors[4], colors[2], colors[3])
INFO [2020-08-09 10:33:39] 
INFO [2020-08-09 10:33:39] $alpha
INFO [2020-08-09 10:33:39] [1] 0.5
INFO [2020-08-09 10:33:39] 
INFO [2020-08-09 10:33:39] $label.col
INFO [2020-08-09 10:33:39] c("black")
INFO [2020-08-09 10:33:39] 
INFO [2020-08-09 10:33:39] $cex
INFO [2020-08-09 10:33:39] [1] 2.5
INFO [2020-08-09 10:33:39] 
INFO [2020-08-09 10:33:39] $fontfamily
INFO [2020-08-09 10:33:39] [1] "serif"
INFO [2020-08-09 10:33:39] 
INFO [2020-08-09 10:33:39] $fontface
INFO [2020-08-09 10:33:39] [1] "bold"
INFO [2020-08-09 10:33:39] 
INFO [2020-08-09 10:33:39] $cat.default.pos
INFO [2020-08-09 10:33:39] [1] "text"
INFO [2020-08-09 10:33:39] 
INFO [2020-08-09 10:33:39] $cat.col
INFO [2020-08-09 10:33:39] c("black")
INFO [2020-08-09 10:33:39] 
INFO [2020-08-09 10:33:39] $cat.cex
INFO [2020-08-09 10:33:39] [1] 3
INFO [2020-08-09 10:33:39] 
INFO [2020-08-09 10:33:39] $cat.fontfamily
INFO [2020-08-09 10:33:39] [1] "serif"
INFO [2020-08-09 10:33:39] 
INFO [2020-08-09 10:33:39] $cat.pos
INFO [2020-08-09 10:33:39] [1] 0
INFO [2020-08-09 10:33:39] 
INFO [2020-08-09 10:33:39] $euler.d
INFO [2020-08-09 10:33:39] euler
INFO [2020-08-09 10:33:39] 
INFO [2020-08-09 10:33:39] $scaled
INFO [2020-08-09 10:33:39] euler
INFO [2020-08-09 10:33:39] 
