INFO [2020-08-09 10:33:41] $x
INFO [2020-08-09 10:33:41] temp
INFO [2020-08-09 10:33:41] 
INFO [2020-08-09 10:33:41] $sp.cases
INFO [2020-08-09 10:33:41] special
INFO [2020-08-09 10:33:41] 
INFO [2020-08-09 10:33:41] $filename
INFO [2020-08-09 10:33:41] NULL
INFO [2020-08-09 10:33:41] 
INFO [2020-08-09 10:33:41] $col
INFO [2020-08-09 10:33:41] [1] "black"
INFO [2020-08-09 10:33:41] 
INFO [2020-08-09 10:33:41] $fill
INFO [2020-08-09 10:33:41] c(colors[1], colors[2], colors[3])
INFO [2020-08-09 10:33:41] 
INFO [2020-08-09 10:33:41] $alpha
INFO [2020-08-09 10:33:41] [1] 0.5
INFO [2020-08-09 10:33:41] 
INFO [2020-08-09 10:33:41] $label.col
INFO [2020-08-09 10:33:41] c("black", "white", "black", "white", "white", "white", "black")
INFO [2020-08-09 10:33:41] 
INFO [2020-08-09 10:33:41] $cex
INFO [2020-08-09 10:33:41] [1] 2.5
INFO [2020-08-09 10:33:41] 
INFO [2020-08-09 10:33:41] $fontfamily
INFO [2020-08-09 10:33:41] [1] "serif"
INFO [2020-08-09 10:33:41] 
INFO [2020-08-09 10:33:41] $fontface
INFO [2020-08-09 10:33:41] [1] "bold"
INFO [2020-08-09 10:33:41] 
INFO [2020-08-09 10:33:41] $cat.default.pos
INFO [2020-08-09 10:33:41] [1] "text"
INFO [2020-08-09 10:33:41] 
INFO [2020-08-09 10:33:41] $cat.col
INFO [2020-08-09 10:33:41] c("black", "black", "black")
INFO [2020-08-09 10:33:41] 
INFO [2020-08-09 10:33:41] $cat.cex
INFO [2020-08-09 10:33:41] [1] 2.5
INFO [2020-08-09 10:33:41] 
INFO [2020-08-09 10:33:41] $cat.fontfamily
INFO [2020-08-09 10:33:41] [1] "serif"
INFO [2020-08-09 10:33:41] 
INFO [2020-08-09 10:33:41] $cat.dist
INFO [2020-08-09 10:33:41] c(0.06, 0.06, 0.03)
INFO [2020-08-09 10:33:41] 
INFO [2020-08-09 10:33:41] $cat.pos
INFO [2020-08-09 10:33:41] [1] 0
INFO [2020-08-09 10:33:41] 
INFO [2020-08-09 10:33:41] $euler.d
INFO [2020-08-09 10:33:41] euler
INFO [2020-08-09 10:33:41] 
INFO [2020-08-09 10:33:41] $scaled
INFO [2020-08-09 10:33:41] euler
INFO [2020-08-09 10:33:41] 
