INFO [2021-05-20 14:44:31] $x
INFO [2021-05-20 14:44:31] temp
INFO [2021-05-20 14:44:31] 
INFO [2021-05-20 14:44:31] $sp.cases
INFO [2021-05-20 14:44:31] special
INFO [2021-05-20 14:44:31] 
INFO [2021-05-20 14:44:31] $filename
INFO [2021-05-20 14:44:31] NULL
INFO [2021-05-20 14:44:31] 
INFO [2021-05-20 14:44:31] $col
INFO [2021-05-20 14:44:31] [1] "black"
INFO [2021-05-20 14:44:31] 
INFO [2021-05-20 14:44:31] $fill
INFO [2021-05-20 14:44:31] c(colors[1], colors[2], colors[3])
INFO [2021-05-20 14:44:31] 
INFO [2021-05-20 14:44:31] $alpha
INFO [2021-05-20 14:44:31] [1] 0.5
INFO [2021-05-20 14:44:31] 
INFO [2021-05-20 14:44:31] $label.col
INFO [2021-05-20 14:44:31] c("black", "white", "black", "white", "white", "white", "black")
INFO [2021-05-20 14:44:31] 
INFO [2021-05-20 14:44:31] $cex
INFO [2021-05-20 14:44:31] [1] 2.5
INFO [2021-05-20 14:44:31] 
INFO [2021-05-20 14:44:31] $fontfamily
INFO [2021-05-20 14:44:31] [1] "serif"
INFO [2021-05-20 14:44:31] 
INFO [2021-05-20 14:44:31] $fontface
INFO [2021-05-20 14:44:31] [1] "bold"
INFO [2021-05-20 14:44:31] 
INFO [2021-05-20 14:44:31] $cat.default.pos
INFO [2021-05-20 14:44:31] [1] "text"
INFO [2021-05-20 14:44:31] 
INFO [2021-05-20 14:44:31] $cat.col
INFO [2021-05-20 14:44:31] c("black", "black", "black")
INFO [2021-05-20 14:44:31] 
INFO [2021-05-20 14:44:31] $cat.cex
INFO [2021-05-20 14:44:31] [1] 2.5
INFO [2021-05-20 14:44:31] 
INFO [2021-05-20 14:44:31] $cat.fontfamily
INFO [2021-05-20 14:44:31] [1] "serif"
INFO [2021-05-20 14:44:31] 
INFO [2021-05-20 14:44:31] $cat.dist
INFO [2021-05-20 14:44:31] c(0.06, 0.06, 0.03)
INFO [2021-05-20 14:44:31] 
INFO [2021-05-20 14:44:31] $cat.pos
INFO [2021-05-20 14:44:31] [1] 0
INFO [2021-05-20 14:44:31] 
INFO [2021-05-20 14:44:31] $euler.d
INFO [2021-05-20 14:44:31] euler
INFO [2021-05-20 14:44:31] 
INFO [2021-05-20 14:44:31] $scaled
INFO [2021-05-20 14:44:31] euler
INFO [2021-05-20 14:44:31] 
INFO [2021-05-20 14:44:31] $x
INFO [2021-05-20 14:44:31] temp
INFO [2021-05-20 14:44:31] 
INFO [2021-05-20 14:44:31] $sp.cases
INFO [2021-05-20 14:44:31] special
INFO [2021-05-20 14:44:31] 
INFO [2021-05-20 14:44:31] $filename
INFO [2021-05-20 14:44:31] NULL
INFO [2021-05-20 14:44:31] 
INFO [2021-05-20 14:44:31] $col
INFO [2021-05-20 14:44:31] [1] "black"
INFO [2021-05-20 14:44:31] 
INFO [2021-05-20 14:44:31] $fill
INFO [2021-05-20 14:44:31] c(colors[1], colors[4], colors[2], colors[3])
INFO [2021-05-20 14:44:31] 
INFO [2021-05-20 14:44:31] $alpha
INFO [2021-05-20 14:44:31] [1] 0.5
INFO [2021-05-20 14:44:31] 
INFO [2021-05-20 14:44:31] $label.col
INFO [2021-05-20 14:44:31] c("black")
INFO [2021-05-20 14:44:31] 
INFO [2021-05-20 14:44:31] $cex
INFO [2021-05-20 14:44:31] [1] 2.5
INFO [2021-05-20 14:44:31] 
INFO [2021-05-20 14:44:31] $fontfamily
INFO [2021-05-20 14:44:31] [1] "serif"
INFO [2021-05-20 14:44:31] 
INFO [2021-05-20 14:44:31] $fontface
INFO [2021-05-20 14:44:31] [1] "bold"
INFO [2021-05-20 14:44:31] 
INFO [2021-05-20 14:44:31] $cat.default.pos
INFO [2021-05-20 14:44:31] [1] "text"
INFO [2021-05-20 14:44:31] 
INFO [2021-05-20 14:44:31] $cat.col
INFO [2021-05-20 14:44:31] c("black")
INFO [2021-05-20 14:44:31] 
INFO [2021-05-20 14:44:31] $cat.cex
INFO [2021-05-20 14:44:31] [1] 3
INFO [2021-05-20 14:44:31] 
INFO [2021-05-20 14:44:31] $cat.fontfamily
INFO [2021-05-20 14:44:31] [1] "serif"
INFO [2021-05-20 14:44:31] 
INFO [2021-05-20 14:44:31] $cat.pos
INFO [2021-05-20 14:44:31] [1] 0
INFO [2021-05-20 14:44:31] 
INFO [2021-05-20 14:44:31] $euler.d
INFO [2021-05-20 14:44:31] euler
INFO [2021-05-20 14:44:31] 
INFO [2021-05-20 14:44:31] $scaled
INFO [2021-05-20 14:44:31] euler
INFO [2021-05-20 14:44:31] 
