INFO [2021-05-20 14:44:20] $x
INFO [2021-05-20 14:44:20] temp
INFO [2021-05-20 14:44:20] 
INFO [2021-05-20 14:44:20] $sp.cases
INFO [2021-05-20 14:44:20] special
INFO [2021-05-20 14:44:20] 
INFO [2021-05-20 14:44:20] $filename
INFO [2021-05-20 14:44:20] NULL
INFO [2021-05-20 14:44:20] 
INFO [2021-05-20 14:44:20] $col
INFO [2021-05-20 14:44:20] [1] "black"
INFO [2021-05-20 14:44:20] 
INFO [2021-05-20 14:44:20] $fill
INFO [2021-05-20 14:44:20] c(colors[1], colors[2], colors[3])
INFO [2021-05-20 14:44:20] 
INFO [2021-05-20 14:44:20] $alpha
INFO [2021-05-20 14:44:20] [1] 0.5
INFO [2021-05-20 14:44:20] 
INFO [2021-05-20 14:44:20] $label.col
INFO [2021-05-20 14:44:20] c("black", "white", "black", "white", "white", "white", "black")
INFO [2021-05-20 14:44:20] 
INFO [2021-05-20 14:44:20] $cex
INFO [2021-05-20 14:44:20] [1] 2.5
INFO [2021-05-20 14:44:20] 
INFO [2021-05-20 14:44:20] $fontfamily
INFO [2021-05-20 14:44:20] [1] "serif"
INFO [2021-05-20 14:44:20] 
INFO [2021-05-20 14:44:20] $fontface
INFO [2021-05-20 14:44:20] [1] "bold"
INFO [2021-05-20 14:44:20] 
INFO [2021-05-20 14:44:20] $cat.default.pos
INFO [2021-05-20 14:44:20] [1] "text"
INFO [2021-05-20 14:44:20] 
INFO [2021-05-20 14:44:20] $cat.col
INFO [2021-05-20 14:44:20] c("black", "black", "black")
INFO [2021-05-20 14:44:20] 
INFO [2021-05-20 14:44:20] $cat.cex
INFO [2021-05-20 14:44:20] [1] 2.5
INFO [2021-05-20 14:44:20] 
INFO [2021-05-20 14:44:20] $cat.fontfamily
INFO [2021-05-20 14:44:20] [1] "serif"
INFO [2021-05-20 14:44:20] 
INFO [2021-05-20 14:44:20] $cat.dist
INFO [2021-05-20 14:44:20] c(0.06, 0.06, 0.03)
INFO [2021-05-20 14:44:20] 
INFO [2021-05-20 14:44:20] $cat.pos
INFO [2021-05-20 14:44:20] [1] 0
INFO [2021-05-20 14:44:20] 
INFO [2021-05-20 14:44:20] $euler.d
INFO [2021-05-20 14:44:20] euler
INFO [2021-05-20 14:44:20] 
INFO [2021-05-20 14:44:20] $scaled
INFO [2021-05-20 14:44:20] euler
INFO [2021-05-20 14:44:20] 
