INFO [2021-05-20 14:47:39] $x
INFO [2021-05-20 14:47:39] temp
INFO [2021-05-20 14:47:39] 
INFO [2021-05-20 14:47:39] $sp.cases
INFO [2021-05-20 14:47:39] special
INFO [2021-05-20 14:47:39] 
INFO [2021-05-20 14:47:39] $filename
INFO [2021-05-20 14:47:39] NULL
INFO [2021-05-20 14:47:39] 
INFO [2021-05-20 14:47:39] $col
INFO [2021-05-20 14:47:39] [1] "black"
INFO [2021-05-20 14:47:39] 
INFO [2021-05-20 14:47:39] $fill
INFO [2021-05-20 14:47:39] c(colors[1], colors[2], colors[3])
INFO [2021-05-20 14:47:39] 
INFO [2021-05-20 14:47:39] $alpha
INFO [2021-05-20 14:47:39] [1] 0.5
INFO [2021-05-20 14:47:39] 
INFO [2021-05-20 14:47:39] $label.col
INFO [2021-05-20 14:47:39] c("black", "white", "black", "white", "white", "white", "black")
INFO [2021-05-20 14:47:39] 
INFO [2021-05-20 14:47:39] $cex
INFO [2021-05-20 14:47:39] [1] 2.5
INFO [2021-05-20 14:47:39] 
INFO [2021-05-20 14:47:39] $fontfamily
INFO [2021-05-20 14:47:39] [1] "serif"
INFO [2021-05-20 14:47:39] 
INFO [2021-05-20 14:47:39] $fontface
INFO [2021-05-20 14:47:39] [1] "bold"
INFO [2021-05-20 14:47:39] 
INFO [2021-05-20 14:47:39] $cat.default.pos
INFO [2021-05-20 14:47:39] [1] "text"
INFO [2021-05-20 14:47:39] 
INFO [2021-05-20 14:47:39] $cat.col
INFO [2021-05-20 14:47:39] c("black", "black", "black")
INFO [2021-05-20 14:47:39] 
INFO [2021-05-20 14:47:39] $cat.cex
INFO [2021-05-20 14:47:39] [1] 2.5
INFO [2021-05-20 14:47:39] 
INFO [2021-05-20 14:47:39] $cat.fontfamily
INFO [2021-05-20 14:47:39] [1] "serif"
INFO [2021-05-20 14:47:39] 
INFO [2021-05-20 14:47:39] $cat.dist
INFO [2021-05-20 14:47:39] c(0.06, 0.06, 0.03)
INFO [2021-05-20 14:47:39] 
INFO [2021-05-20 14:47:39] $cat.pos
INFO [2021-05-20 14:47:39] [1] 0
INFO [2021-05-20 14:47:39] 
INFO [2021-05-20 14:47:39] $euler.d
INFO [2021-05-20 14:47:39] euler
INFO [2021-05-20 14:47:39] 
INFO [2021-05-20 14:47:39] $scaled
INFO [2021-05-20 14:47:39] euler
INFO [2021-05-20 14:47:39] 
