INFO [2020-08-10 07:27:01] $x
INFO [2020-08-10 07:27:01] temp
INFO [2020-08-10 07:27:01] 
INFO [2020-08-10 07:27:01] $sp.cases
INFO [2020-08-10 07:27:01] special
INFO [2020-08-10 07:27:01] 
INFO [2020-08-10 07:27:01] $filename
INFO [2020-08-10 07:27:01] NULL
INFO [2020-08-10 07:27:01] 
INFO [2020-08-10 07:27:01] $col
INFO [2020-08-10 07:27:01] [1] "black"
INFO [2020-08-10 07:27:01] 
INFO [2020-08-10 07:27:01] $fill
INFO [2020-08-10 07:27:01] c(colors[1], colors[4], colors[2], colors[3])
INFO [2020-08-10 07:27:01] 
INFO [2020-08-10 07:27:01] $alpha
INFO [2020-08-10 07:27:01] [1] 0.5
INFO [2020-08-10 07:27:01] 
INFO [2020-08-10 07:27:01] $label.col
INFO [2020-08-10 07:27:01] c("black")
INFO [2020-08-10 07:27:01] 
INFO [2020-08-10 07:27:01] $cex
INFO [2020-08-10 07:27:01] [1] 2.5
INFO [2020-08-10 07:27:01] 
INFO [2020-08-10 07:27:01] $fontfamily
INFO [2020-08-10 07:27:01] [1] "serif"
INFO [2020-08-10 07:27:01] 
INFO [2020-08-10 07:27:01] $fontface
INFO [2020-08-10 07:27:01] [1] "bold"
INFO [2020-08-10 07:27:01] 
INFO [2020-08-10 07:27:01] $cat.default.pos
INFO [2020-08-10 07:27:01] [1] "text"
INFO [2020-08-10 07:27:01] 
INFO [2020-08-10 07:27:01] $cat.col
INFO [2020-08-10 07:27:01] c("black")
INFO [2020-08-10 07:27:01] 
INFO [2020-08-10 07:27:01] $cat.cex
INFO [2020-08-10 07:27:01] [1] 3
INFO [2020-08-10 07:27:01] 
INFO [2020-08-10 07:27:01] $cat.fontfamily
INFO [2020-08-10 07:27:01] [1] "serif"
INFO [2020-08-10 07:27:01] 
INFO [2020-08-10 07:27:01] $cat.pos
INFO [2020-08-10 07:27:01] [1] 0
INFO [2020-08-10 07:27:01] 
INFO [2020-08-10 07:27:01] $euler.d
INFO [2020-08-10 07:27:01] euler
INFO [2020-08-10 07:27:01] 
INFO [2020-08-10 07:27:01] $scaled
INFO [2020-08-10 07:27:01] euler
INFO [2020-08-10 07:27:01] 
