INFO [2020-08-09 11:29:48] $x
INFO [2020-08-09 11:29:48] temp
INFO [2020-08-09 11:29:48] 
INFO [2020-08-09 11:29:48] $sp.cases
INFO [2020-08-09 11:29:48] special
INFO [2020-08-09 11:29:48] 
INFO [2020-08-09 11:29:48] $filename
INFO [2020-08-09 11:29:48] NULL
INFO [2020-08-09 11:29:48] 
INFO [2020-08-09 11:29:48] $col
INFO [2020-08-09 11:29:48] [1] "black"
INFO [2020-08-09 11:29:48] 
INFO [2020-08-09 11:29:48] $fill
INFO [2020-08-09 11:29:48] c(colors[1], colors[4], colors[2], colors[3])
INFO [2020-08-09 11:29:48] 
INFO [2020-08-09 11:29:48] $alpha
INFO [2020-08-09 11:29:48] [1] 0.5
INFO [2020-08-09 11:29:48] 
INFO [2020-08-09 11:29:48] $label.col
INFO [2020-08-09 11:29:48] c("black")
INFO [2020-08-09 11:29:48] 
INFO [2020-08-09 11:29:48] $cex
INFO [2020-08-09 11:29:48] [1] 2.5
INFO [2020-08-09 11:29:48] 
INFO [2020-08-09 11:29:48] $fontfamily
INFO [2020-08-09 11:29:48] [1] "serif"
INFO [2020-08-09 11:29:48] 
INFO [2020-08-09 11:29:48] $fontface
INFO [2020-08-09 11:29:48] [1] "bold"
INFO [2020-08-09 11:29:48] 
INFO [2020-08-09 11:29:48] $cat.default.pos
INFO [2020-08-09 11:29:48] [1] "text"
INFO [2020-08-09 11:29:48] 
INFO [2020-08-09 11:29:48] $cat.col
INFO [2020-08-09 11:29:48] c("black")
INFO [2020-08-09 11:29:48] 
INFO [2020-08-09 11:29:48] $cat.cex
INFO [2020-08-09 11:29:48] [1] 3
INFO [2020-08-09 11:29:48] 
INFO [2020-08-09 11:29:48] $cat.fontfamily
INFO [2020-08-09 11:29:48] [1] "serif"
INFO [2020-08-09 11:29:48] 
INFO [2020-08-09 11:29:48] $cat.pos
INFO [2020-08-09 11:29:48] [1] 0
INFO [2020-08-09 11:29:48] 
INFO [2020-08-09 11:29:48] $euler.d
INFO [2020-08-09 11:29:48] euler
INFO [2020-08-09 11:29:48] 
INFO [2020-08-09 11:29:48] $scaled
INFO [2020-08-09 11:29:48] euler
INFO [2020-08-09 11:29:48] 
