INFO [2021-05-20 14:45:58] $x
INFO [2021-05-20 14:45:58] temp
INFO [2021-05-20 14:45:58] 
INFO [2021-05-20 14:45:58] $sp.cases
INFO [2021-05-20 14:45:58] special
INFO [2021-05-20 14:45:58] 
INFO [2021-05-20 14:45:58] $filename
INFO [2021-05-20 14:45:58] NULL
INFO [2021-05-20 14:45:58] 
INFO [2021-05-20 14:45:58] $col
INFO [2021-05-20 14:45:58] [1] "black"
INFO [2021-05-20 14:45:58] 
INFO [2021-05-20 14:45:58] $fill
INFO [2021-05-20 14:45:58] c(colors[1], colors[2], colors[3])
INFO [2021-05-20 14:45:58] 
INFO [2021-05-20 14:45:58] $alpha
INFO [2021-05-20 14:45:58] [1] 0.5
INFO [2021-05-20 14:45:58] 
INFO [2021-05-20 14:45:58] $label.col
INFO [2021-05-20 14:45:58] c("black", "white", "black", "white", "white", "white", "black")
INFO [2021-05-20 14:45:58] 
INFO [2021-05-20 14:45:58] $cex
INFO [2021-05-20 14:45:58] [1] 2.5
INFO [2021-05-20 14:45:58] 
INFO [2021-05-20 14:45:58] $fontfamily
INFO [2021-05-20 14:45:58] [1] "serif"
INFO [2021-05-20 14:45:58] 
INFO [2021-05-20 14:45:58] $fontface
INFO [2021-05-20 14:45:58] [1] "bold"
INFO [2021-05-20 14:45:58] 
INFO [2021-05-20 14:45:58] $cat.default.pos
INFO [2021-05-20 14:45:58] [1] "text"
INFO [2021-05-20 14:45:58] 
INFO [2021-05-20 14:45:58] $cat.col
INFO [2021-05-20 14:45:58] c("black", "black", "black")
INFO [2021-05-20 14:45:58] 
INFO [2021-05-20 14:45:58] $cat.cex
INFO [2021-05-20 14:45:58] [1] 2.5
INFO [2021-05-20 14:45:58] 
INFO [2021-05-20 14:45:58] $cat.fontfamily
INFO [2021-05-20 14:45:58] [1] "serif"
INFO [2021-05-20 14:45:58] 
INFO [2021-05-20 14:45:58] $cat.dist
INFO [2021-05-20 14:45:58] c(0.06, 0.06, 0.03)
INFO [2021-05-20 14:45:58] 
INFO [2021-05-20 14:45:58] $cat.pos
INFO [2021-05-20 14:45:58] [1] 0
INFO [2021-05-20 14:45:58] 
INFO [2021-05-20 14:45:58] $euler.d
INFO [2021-05-20 14:45:58] euler
INFO [2021-05-20 14:45:58] 
INFO [2021-05-20 14:45:58] $scaled
INFO [2021-05-20 14:45:58] euler
INFO [2021-05-20 14:45:58] 
