INFO [2021-05-20 14:44:16] $x
INFO [2021-05-20 14:44:16] temp
INFO [2021-05-20 14:44:16] 
INFO [2021-05-20 14:44:16] $sp.cases
INFO [2021-05-20 14:44:16] special
INFO [2021-05-20 14:44:16] 
INFO [2021-05-20 14:44:16] $filename
INFO [2021-05-20 14:44:16] NULL
INFO [2021-05-20 14:44:16] 
INFO [2021-05-20 14:44:16] $col
INFO [2021-05-20 14:44:16] [1] "black"
INFO [2021-05-20 14:44:16] 
INFO [2021-05-20 14:44:16] $fill
INFO [2021-05-20 14:44:16] c(colors[1], colors[2], colors[3])
INFO [2021-05-20 14:44:16] 
INFO [2021-05-20 14:44:16] $alpha
INFO [2021-05-20 14:44:16] [1] 0.5
INFO [2021-05-20 14:44:16] 
INFO [2021-05-20 14:44:16] $label.col
INFO [2021-05-20 14:44:16] c("black", "white", "black", "white", "white", "white", "black")
INFO [2021-05-20 14:44:16] 
INFO [2021-05-20 14:44:16] $cex
INFO [2021-05-20 14:44:16] [1] 2.5
INFO [2021-05-20 14:44:16] 
INFO [2021-05-20 14:44:16] $fontfamily
INFO [2021-05-20 14:44:16] [1] "serif"
INFO [2021-05-20 14:44:16] 
INFO [2021-05-20 14:44:16] $fontface
INFO [2021-05-20 14:44:16] [1] "bold"
INFO [2021-05-20 14:44:16] 
INFO [2021-05-20 14:44:16] $cat.default.pos
INFO [2021-05-20 14:44:16] [1] "text"
INFO [2021-05-20 14:44:16] 
INFO [2021-05-20 14:44:16] $cat.col
INFO [2021-05-20 14:44:16] c("black", "black", "black")
INFO [2021-05-20 14:44:16] 
INFO [2021-05-20 14:44:16] $cat.cex
INFO [2021-05-20 14:44:16] [1] 2.5
INFO [2021-05-20 14:44:16] 
INFO [2021-05-20 14:44:16] $cat.fontfamily
INFO [2021-05-20 14:44:16] [1] "serif"
INFO [2021-05-20 14:44:16] 
INFO [2021-05-20 14:44:16] $cat.dist
INFO [2021-05-20 14:44:16] c(0.06, 0.06, 0.03)
INFO [2021-05-20 14:44:16] 
INFO [2021-05-20 14:44:16] $cat.pos
INFO [2021-05-20 14:44:16] [1] 0
INFO [2021-05-20 14:44:16] 
INFO [2021-05-20 14:44:16] $euler.d
INFO [2021-05-20 14:44:16] euler
INFO [2021-05-20 14:44:16] 
INFO [2021-05-20 14:44:16] $scaled
INFO [2021-05-20 14:44:16] euler
INFO [2021-05-20 14:44:16] 
