INFO [2020-08-10 07:27:03] $x
INFO [2020-08-10 07:27:03] temp
INFO [2020-08-10 07:27:03] 
INFO [2020-08-10 07:27:03] $sp.cases
INFO [2020-08-10 07:27:03] special
INFO [2020-08-10 07:27:03] 
INFO [2020-08-10 07:27:03] $filename
INFO [2020-08-10 07:27:03] NULL
INFO [2020-08-10 07:27:03] 
INFO [2020-08-10 07:27:03] $col
INFO [2020-08-10 07:27:03] [1] "black"
INFO [2020-08-10 07:27:03] 
INFO [2020-08-10 07:27:03] $fill
INFO [2020-08-10 07:27:03] c(colors[1], colors[2], colors[3])
INFO [2020-08-10 07:27:03] 
INFO [2020-08-10 07:27:03] $alpha
INFO [2020-08-10 07:27:03] [1] 0.5
INFO [2020-08-10 07:27:03] 
INFO [2020-08-10 07:27:03] $label.col
INFO [2020-08-10 07:27:03] c("black", "white", "black", "white", "white", "white", "black")
INFO [2020-08-10 07:27:03] 
INFO [2020-08-10 07:27:03] $cex
INFO [2020-08-10 07:27:03] [1] 2.5
INFO [2020-08-10 07:27:03] 
INFO [2020-08-10 07:27:03] $fontfamily
INFO [2020-08-10 07:27:03] [1] "serif"
INFO [2020-08-10 07:27:03] 
INFO [2020-08-10 07:27:03] $fontface
INFO [2020-08-10 07:27:03] [1] "bold"
INFO [2020-08-10 07:27:03] 
INFO [2020-08-10 07:27:03] $cat.default.pos
INFO [2020-08-10 07:27:03] [1] "text"
INFO [2020-08-10 07:27:03] 
INFO [2020-08-10 07:27:03] $cat.col
INFO [2020-08-10 07:27:03] c("black", "black", "black")
INFO [2020-08-10 07:27:03] 
INFO [2020-08-10 07:27:03] $cat.cex
INFO [2020-08-10 07:27:03] [1] 2.5
INFO [2020-08-10 07:27:03] 
INFO [2020-08-10 07:27:03] $cat.fontfamily
INFO [2020-08-10 07:27:03] [1] "serif"
INFO [2020-08-10 07:27:03] 
INFO [2020-08-10 07:27:03] $cat.dist
INFO [2020-08-10 07:27:03] c(0.06, 0.06, 0.03)
INFO [2020-08-10 07:27:03] 
INFO [2020-08-10 07:27:03] $cat.pos
INFO [2020-08-10 07:27:03] [1] 0
INFO [2020-08-10 07:27:03] 
INFO [2020-08-10 07:27:03] $euler.d
INFO [2020-08-10 07:27:03] euler
INFO [2020-08-10 07:27:03] 
INFO [2020-08-10 07:27:03] $scaled
INFO [2020-08-10 07:27:03] euler
INFO [2020-08-10 07:27:03] 
INFO [2020-08-10 07:27:03] $x
INFO [2020-08-10 07:27:03] temp
INFO [2020-08-10 07:27:03] 
INFO [2020-08-10 07:27:03] $sp.cases
INFO [2020-08-10 07:27:03] special
INFO [2020-08-10 07:27:03] 
INFO [2020-08-10 07:27:03] $filename
INFO [2020-08-10 07:27:03] NULL
INFO [2020-08-10 07:27:03] 
INFO [2020-08-10 07:27:03] $col
INFO [2020-08-10 07:27:03] [1] "black"
INFO [2020-08-10 07:27:03] 
INFO [2020-08-10 07:27:03] $fill
INFO [2020-08-10 07:27:03] c(colors[1], colors[2], colors[3])
INFO [2020-08-10 07:27:03] 
INFO [2020-08-10 07:27:03] $alpha
INFO [2020-08-10 07:27:03] [1] 0.5
INFO [2020-08-10 07:27:03] 
INFO [2020-08-10 07:27:03] $label.col
INFO [2020-08-10 07:27:03] c("black", "white", "black", "white", "white", "white", "black")
INFO [2020-08-10 07:27:03] 
INFO [2020-08-10 07:27:03] $cex
INFO [2020-08-10 07:27:03] [1] 2.5
INFO [2020-08-10 07:27:03] 
INFO [2020-08-10 07:27:03] $fontfamily
INFO [2020-08-10 07:27:03] [1] "serif"
INFO [2020-08-10 07:27:03] 
INFO [2020-08-10 07:27:03] $fontface
INFO [2020-08-10 07:27:03] [1] "bold"
INFO [2020-08-10 07:27:03] 
INFO [2020-08-10 07:27:03] $cat.default.pos
INFO [2020-08-10 07:27:03] [1] "text"
INFO [2020-08-10 07:27:03] 
INFO [2020-08-10 07:27:03] $cat.col
INFO [2020-08-10 07:27:03] c("black", "black", "black")
INFO [2020-08-10 07:27:03] 
INFO [2020-08-10 07:27:03] $cat.cex
INFO [2020-08-10 07:27:03] [1] 2.5
INFO [2020-08-10 07:27:03] 
INFO [2020-08-10 07:27:03] $cat.fontfamily
INFO [2020-08-10 07:27:03] [1] "serif"
INFO [2020-08-10 07:27:03] 
INFO [2020-08-10 07:27:03] $cat.dist
INFO [2020-08-10 07:27:03] c(0.06, 0.06, 0.03)
INFO [2020-08-10 07:27:03] 
INFO [2020-08-10 07:27:03] $cat.pos
INFO [2020-08-10 07:27:03] [1] 0
INFO [2020-08-10 07:27:03] 
INFO [2020-08-10 07:27:03] $euler.d
INFO [2020-08-10 07:27:03] euler
INFO [2020-08-10 07:27:03] 
INFO [2020-08-10 07:27:03] $scaled
INFO [2020-08-10 07:27:03] euler
INFO [2020-08-10 07:27:03] 
