INFO [2021-05-20 14:44:15] $x
INFO [2021-05-20 14:44:15] temp
INFO [2021-05-20 14:44:15] 
INFO [2021-05-20 14:44:15] $sp.cases
INFO [2021-05-20 14:44:15] special
INFO [2021-05-20 14:44:15] 
INFO [2021-05-20 14:44:15] $filename
INFO [2021-05-20 14:44:15] NULL
INFO [2021-05-20 14:44:15] 
INFO [2021-05-20 14:44:15] $col
INFO [2021-05-20 14:44:15] [1] "black"
INFO [2021-05-20 14:44:15] 
INFO [2021-05-20 14:44:15] $fill
INFO [2021-05-20 14:44:15] c(colors[1], colors[4], colors[2], colors[3])
INFO [2021-05-20 14:44:15] 
INFO [2021-05-20 14:44:15] $alpha
INFO [2021-05-20 14:44:15] [1] 0.5
INFO [2021-05-20 14:44:15] 
INFO [2021-05-20 14:44:15] $label.col
INFO [2021-05-20 14:44:15] c("black")
INFO [2021-05-20 14:44:15] 
INFO [2021-05-20 14:44:15] $cex
INFO [2021-05-20 14:44:15] [1] 2.5
INFO [2021-05-20 14:44:15] 
INFO [2021-05-20 14:44:15] $fontfamily
INFO [2021-05-20 14:44:15] [1] "serif"
INFO [2021-05-20 14:44:15] 
INFO [2021-05-20 14:44:15] $fontface
INFO [2021-05-20 14:44:15] [1] "bold"
INFO [2021-05-20 14:44:15] 
INFO [2021-05-20 14:44:15] $cat.default.pos
INFO [2021-05-20 14:44:15] [1] "text"
INFO [2021-05-20 14:44:15] 
INFO [2021-05-20 14:44:15] $cat.col
INFO [2021-05-20 14:44:15] c("black")
INFO [2021-05-20 14:44:15] 
INFO [2021-05-20 14:44:15] $cat.cex
INFO [2021-05-20 14:44:15] [1] 3
INFO [2021-05-20 14:44:15] 
INFO [2021-05-20 14:44:15] $cat.fontfamily
INFO [2021-05-20 14:44:15] [1] "serif"
INFO [2021-05-20 14:44:15] 
INFO [2021-05-20 14:44:15] $cat.pos
INFO [2021-05-20 14:44:15] [1] 0
INFO [2021-05-20 14:44:15] 
INFO [2021-05-20 14:44:15] $euler.d
INFO [2021-05-20 14:44:15] euler
INFO [2021-05-20 14:44:15] 
INFO [2021-05-20 14:44:15] $scaled
INFO [2021-05-20 14:44:15] euler
INFO [2021-05-20 14:44:15] 
