INFO [2020-08-09 10:33:38] $x
INFO [2020-08-09 10:33:38] temp
INFO [2020-08-09 10:33:38] 
INFO [2020-08-09 10:33:38] $sp.cases
INFO [2020-08-09 10:33:38] special
INFO [2020-08-09 10:33:38] 
INFO [2020-08-09 10:33:38] $filename
INFO [2020-08-09 10:33:38] NULL
INFO [2020-08-09 10:33:38] 
INFO [2020-08-09 10:33:38] $col
INFO [2020-08-09 10:33:38] [1] "black"
INFO [2020-08-09 10:33:38] 
INFO [2020-08-09 10:33:38] $fill
INFO [2020-08-09 10:33:38] c(colors[1], colors[2], colors[3])
INFO [2020-08-09 10:33:38] 
INFO [2020-08-09 10:33:38] $alpha
INFO [2020-08-09 10:33:38] [1] 0.5
INFO [2020-08-09 10:33:38] 
INFO [2020-08-09 10:33:38] $label.col
INFO [2020-08-09 10:33:38] c("black", "white", "black", "white", "white", "white", "black")
INFO [2020-08-09 10:33:38] 
INFO [2020-08-09 10:33:38] $cex
INFO [2020-08-09 10:33:38] [1] 2.5
INFO [2020-08-09 10:33:38] 
INFO [2020-08-09 10:33:38] $fontfamily
INFO [2020-08-09 10:33:38] [1] "serif"
INFO [2020-08-09 10:33:38] 
INFO [2020-08-09 10:33:38] $fontface
INFO [2020-08-09 10:33:38] [1] "bold"
INFO [2020-08-09 10:33:38] 
INFO [2020-08-09 10:33:38] $cat.default.pos
INFO [2020-08-09 10:33:38] [1] "text"
INFO [2020-08-09 10:33:38] 
INFO [2020-08-09 10:33:38] $cat.col
INFO [2020-08-09 10:33:38] c("black", "black", "black")
INFO [2020-08-09 10:33:38] 
INFO [2020-08-09 10:33:38] $cat.cex
INFO [2020-08-09 10:33:38] [1] 2.5
INFO [2020-08-09 10:33:38] 
INFO [2020-08-09 10:33:38] $cat.fontfamily
INFO [2020-08-09 10:33:38] [1] "serif"
INFO [2020-08-09 10:33:38] 
INFO [2020-08-09 10:33:38] $cat.dist
INFO [2020-08-09 10:33:38] c(0.06, 0.06, 0.03)
INFO [2020-08-09 10:33:38] 
INFO [2020-08-09 10:33:38] $cat.pos
INFO [2020-08-09 10:33:38] [1] 0
INFO [2020-08-09 10:33:38] 
INFO [2020-08-09 10:33:38] $euler.d
INFO [2020-08-09 10:33:38] euler
INFO [2020-08-09 10:33:38] 
INFO [2020-08-09 10:33:38] $scaled
INFO [2020-08-09 10:33:38] euler
INFO [2020-08-09 10:33:38] 
