INFO [2020-08-10 07:27:06] $x
INFO [2020-08-10 07:27:06] temp
INFO [2020-08-10 07:27:06] 
INFO [2020-08-10 07:27:06] $sp.cases
INFO [2020-08-10 07:27:06] special
INFO [2020-08-10 07:27:06] 
INFO [2020-08-10 07:27:06] $filename
INFO [2020-08-10 07:27:06] NULL
INFO [2020-08-10 07:27:06] 
INFO [2020-08-10 07:27:06] $col
INFO [2020-08-10 07:27:06] [1] "black"
INFO [2020-08-10 07:27:06] 
INFO [2020-08-10 07:27:06] $fill
INFO [2020-08-10 07:27:06] c(colors[1], colors[2], colors[3])
INFO [2020-08-10 07:27:06] 
INFO [2020-08-10 07:27:06] $alpha
INFO [2020-08-10 07:27:06] [1] 0.5
INFO [2020-08-10 07:27:06] 
INFO [2020-08-10 07:27:06] $label.col
INFO [2020-08-10 07:27:06] c("black", "white", "black", "white", "white", "white", "black")
INFO [2020-08-10 07:27:06] 
INFO [2020-08-10 07:27:06] $cex
INFO [2020-08-10 07:27:06] [1] 2.5
INFO [2020-08-10 07:27:06] 
INFO [2020-08-10 07:27:06] $fontfamily
INFO [2020-08-10 07:27:06] [1] "serif"
INFO [2020-08-10 07:27:06] 
INFO [2020-08-10 07:27:06] $fontface
INFO [2020-08-10 07:27:06] [1] "bold"
INFO [2020-08-10 07:27:06] 
INFO [2020-08-10 07:27:06] $cat.default.pos
INFO [2020-08-10 07:27:06] [1] "text"
INFO [2020-08-10 07:27:06] 
INFO [2020-08-10 07:27:06] $cat.col
INFO [2020-08-10 07:27:06] c("black", "black", "black")
INFO [2020-08-10 07:27:06] 
INFO [2020-08-10 07:27:06] $cat.cex
INFO [2020-08-10 07:27:06] [1] 2.5
INFO [2020-08-10 07:27:06] 
INFO [2020-08-10 07:27:06] $cat.fontfamily
INFO [2020-08-10 07:27:06] [1] "serif"
INFO [2020-08-10 07:27:06] 
INFO [2020-08-10 07:27:06] $cat.dist
INFO [2020-08-10 07:27:06] c(0.06, 0.06, 0.03)
INFO [2020-08-10 07:27:06] 
INFO [2020-08-10 07:27:06] $cat.pos
INFO [2020-08-10 07:27:06] [1] 0
INFO [2020-08-10 07:27:06] 
INFO [2020-08-10 07:27:06] $euler.d
INFO [2020-08-10 07:27:06] euler
INFO [2020-08-10 07:27:06] 
INFO [2020-08-10 07:27:06] $scaled
INFO [2020-08-10 07:27:06] euler
INFO [2020-08-10 07:27:06] 
