INFO [2020-08-08 16:14:17] $x
INFO [2020-08-08 16:14:17] temp
INFO [2020-08-08 16:14:17] 
INFO [2020-08-08 16:14:17] $sp.cases
INFO [2020-08-08 16:14:17] special
INFO [2020-08-08 16:14:17] 
INFO [2020-08-08 16:14:17] $filename
INFO [2020-08-08 16:14:17] NULL
INFO [2020-08-08 16:14:17] 
INFO [2020-08-08 16:14:17] $col
INFO [2020-08-08 16:14:17] [1] "black"
INFO [2020-08-08 16:14:17] 
INFO [2020-08-08 16:14:17] $fill
INFO [2020-08-08 16:14:17] c(colors[1], colors[2], colors[3])
INFO [2020-08-08 16:14:17] 
INFO [2020-08-08 16:14:17] $alpha
INFO [2020-08-08 16:14:17] [1] 0.5
INFO [2020-08-08 16:14:17] 
INFO [2020-08-08 16:14:17] $label.col
INFO [2020-08-08 16:14:17] c("black", "white", "black", "white", "white", "white", "black")
INFO [2020-08-08 16:14:17] 
INFO [2020-08-08 16:14:17] $cex
INFO [2020-08-08 16:14:17] [1] 2.5
INFO [2020-08-08 16:14:17] 
INFO [2020-08-08 16:14:17] $fontfamily
INFO [2020-08-08 16:14:17] [1] "serif"
INFO [2020-08-08 16:14:17] 
INFO [2020-08-08 16:14:17] $fontface
INFO [2020-08-08 16:14:17] [1] "bold"
INFO [2020-08-08 16:14:17] 
INFO [2020-08-08 16:14:17] $cat.default.pos
INFO [2020-08-08 16:14:17] [1] "text"
INFO [2020-08-08 16:14:17] 
INFO [2020-08-08 16:14:17] $cat.col
INFO [2020-08-08 16:14:17] c("black", "black", "black")
INFO [2020-08-08 16:14:17] 
INFO [2020-08-08 16:14:17] $cat.cex
INFO [2020-08-08 16:14:17] [1] 2.5
INFO [2020-08-08 16:14:17] 
INFO [2020-08-08 16:14:17] $cat.fontfamily
INFO [2020-08-08 16:14:17] [1] "serif"
INFO [2020-08-08 16:14:17] 
INFO [2020-08-08 16:14:17] $cat.dist
INFO [2020-08-08 16:14:17] c(0.06, 0.06, 0.03)
INFO [2020-08-08 16:14:17] 
INFO [2020-08-08 16:14:17] $cat.pos
INFO [2020-08-08 16:14:17] [1] 0
INFO [2020-08-08 16:14:17] 
INFO [2020-08-08 16:14:17] $euler.d
INFO [2020-08-08 16:14:17] euler
INFO [2020-08-08 16:14:17] 
INFO [2020-08-08 16:14:17] $scaled
INFO [2020-08-08 16:14:17] euler
INFO [2020-08-08 16:14:17] 
