INFO [2021-05-20 14:44:30] $x
INFO [2021-05-20 14:44:30] temp
INFO [2021-05-20 14:44:30] 
INFO [2021-05-20 14:44:30] $sp.cases
INFO [2021-05-20 14:44:30] special
INFO [2021-05-20 14:44:30] 
INFO [2021-05-20 14:44:30] $filename
INFO [2021-05-20 14:44:30] NULL
INFO [2021-05-20 14:44:30] 
INFO [2021-05-20 14:44:30] $col
INFO [2021-05-20 14:44:30] [1] "black"
INFO [2021-05-20 14:44:30] 
INFO [2021-05-20 14:44:30] $fill
INFO [2021-05-20 14:44:30] c(colors[1], colors[4], colors[2], colors[3])
INFO [2021-05-20 14:44:30] 
INFO [2021-05-20 14:44:30] $alpha
INFO [2021-05-20 14:44:30] [1] 0.5
INFO [2021-05-20 14:44:30] 
INFO [2021-05-20 14:44:30] $label.col
INFO [2021-05-20 14:44:30] c("black")
INFO [2021-05-20 14:44:30] 
INFO [2021-05-20 14:44:30] $cex
INFO [2021-05-20 14:44:30] [1] 2.5
INFO [2021-05-20 14:44:30] 
INFO [2021-05-20 14:44:30] $fontfamily
INFO [2021-05-20 14:44:30] [1] "serif"
INFO [2021-05-20 14:44:30] 
INFO [2021-05-20 14:44:30] $fontface
INFO [2021-05-20 14:44:30] [1] "bold"
INFO [2021-05-20 14:44:30] 
INFO [2021-05-20 14:44:30] $cat.default.pos
INFO [2021-05-20 14:44:30] [1] "text"
INFO [2021-05-20 14:44:30] 
INFO [2021-05-20 14:44:30] $cat.col
INFO [2021-05-20 14:44:30] c("black")
INFO [2021-05-20 14:44:30] 
INFO [2021-05-20 14:44:30] $cat.cex
INFO [2021-05-20 14:44:30] [1] 3
INFO [2021-05-20 14:44:30] 
INFO [2021-05-20 14:44:30] $cat.fontfamily
INFO [2021-05-20 14:44:30] [1] "serif"
INFO [2021-05-20 14:44:30] 
INFO [2021-05-20 14:44:30] $cat.pos
INFO [2021-05-20 14:44:30] [1] 0
INFO [2021-05-20 14:44:30] 
INFO [2021-05-20 14:44:30] $euler.d
INFO [2021-05-20 14:44:30] euler
INFO [2021-05-20 14:44:30] 
INFO [2021-05-20 14:44:30] $scaled
INFO [2021-05-20 14:44:30] euler
INFO [2021-05-20 14:44:30] 
